Using pre-set license
Built from '2022.3/staging' branch; Version is '2022.3.47f1 (88c277b85d21) revision 8962679'; Using compiler version '192829333'; Build Type 'Release'
OS: 'Windows 11  (10.0.22631) 64bit Professional' Language: 'en' Physical Memory: 65452 MB
BatchMode: 1, IsHumanControllingUs: 0, StartBugReporterOnCrash: 0, Is64bit: 1, IsPro: 1

COMMAND LINE ARGUMENTS:
C:\Program Files\Unity\Hub\Editor\2022.3.47f1\Editor\Unity.exe
-adb2
-batchMode
-noUpm
-name
AssetImportWorker1
-projectPath
S:/Benfclark/Documents/Unity Projects/Screen Space Caustics Test
-logFile
Logs/AssetImportWorker1.log
-srvPort
60273
Successfully changed project path to: S:/Benfclark/Documents/Unity Projects/Screen Space Caustics Test
S:/Benfclark/Documents/Unity Projects/Screen Space Caustics Test
[UnityMemory] Configuration Parameters - Can be set up in boot.config
    "memorysetup-bucket-allocator-granularity=16"
    "memorysetup-bucket-allocator-bucket-count=8"
    "memorysetup-bucket-allocator-block-size=33554432"
    "memorysetup-bucket-allocator-block-count=8"
    "memorysetup-main-allocator-block-size=16777216"
    "memorysetup-thread-allocator-block-size=16777216"
    "memorysetup-gfx-main-allocator-block-size=16777216"
    "memorysetup-gfx-thread-allocator-block-size=16777216"
    "memorysetup-cache-allocator-block-size=4194304"
    "memorysetup-typetree-allocator-block-size=2097152"
    "memorysetup-profiler-bucket-allocator-granularity=16"
    "memorysetup-profiler-bucket-allocator-bucket-count=8"
    "memorysetup-profiler-bucket-allocator-block-size=33554432"
    "memorysetup-profiler-bucket-allocator-block-count=8"
    "memorysetup-profiler-allocator-block-size=16777216"
    "memorysetup-profiler-editor-allocator-block-size=1048576"
    "memorysetup-temp-allocator-size-main=16777216"
    "memorysetup-job-temp-allocator-block-size=2097152"
    "memorysetup-job-temp-allocator-block-size-background=1048576"
    "memorysetup-job-temp-allocator-reduction-small-platforms=262144"
    "memorysetup-allocator-temp-initial-block-size-main=262144"
    "memorysetup-allocator-temp-initial-block-size-worker=262144"
    "memorysetup-temp-allocator-size-background-worker=32768"
    "memorysetup-temp-allocator-size-job-worker=262144"
    "memorysetup-temp-allocator-size-preload-manager=33554432"
    "memorysetup-temp-allocator-size-nav-mesh-worker=65536"
    "memorysetup-temp-allocator-size-audio-worker=65536"
    "memorysetup-temp-allocator-size-cloud-worker=32768"
    "memorysetup-temp-allocator-size-gi-baking-worker=262144"
    "memorysetup-temp-allocator-size-gfx=262144"
Player connection [38208]  Target information:

Player connection [38208]  * "[IP] 192.168.1.200 [Port] 0 [Flags] 2 [Guid] 1942729634 [EditorId] 1942729634 [Version] 1048832 [Id] WindowsEditor(7,Euoplocephalus) [Debug] 1 [PackageName] WindowsEditor [ProjectName] Editor" 

Player connection [38208] Host joined multi-casting on [225.0.0.222:54997]...
Player connection [38208] Host joined alternative multi-casting on [225.0.0.222:34997]...
[PhysX] Initialized MultithreadedTaskDispatcher with 8 workers.
Refreshing native plugins compatible for Editor in 14.18 ms, found 2 plugins.
Preloading 0 native plugins for Editor in 0.00 ms.
Initialize engine version: 2022.3.47f1 (88c277b85d21)
[Subsystems] Discovering subsystems at path C:/Program Files/Unity/Hub/Editor/2022.3.47f1/Editor/Data/Resources/UnitySubsystems
[Subsystems] Discovering subsystems at path S:/Benfclark/Documents/Unity Projects/Screen Space Caustics Test/Assets
GfxDevice: creating device client; threaded=0; jobified=0
Direct3D:
    Version:  Direct3D 11.0 [level 11.1]
    Renderer: NVIDIA GeForce RTX 3070 (ID=0x2484)
    Vendor:   NVIDIA
    VRAM:     8018 MB
    Driver:   32.0.15.6109
Initialize mono
Mono path[0] = 'C:/Program Files/Unity/Hub/Editor/2022.3.47f1/Editor/Data/Managed'
Mono path[1] = 'C:/Program Files/Unity/Hub/Editor/2022.3.47f1/Editor/Data/MonoBleedingEdge/lib/mono/unityjit-win32'
Mono config path = 'C:/Program Files/Unity/Hub/Editor/2022.3.47f1/Editor/Data/MonoBleedingEdge/etc'
Using monoOptions --debugger-agent=transport=dt_socket,embedding=1,server=y,suspend=n,address=127.0.0.1:56100
Begin MonoManager ReloadAssembly
Registering precompiled unity dll's ...
Register platform support module: C:/Program Files/Unity/Hub/Editor/2022.3.47f1/Editor/Data/PlaybackEngines/WebGLSupport/UnityEditor.WebGL.Extensions.dll
Register platform support module: C:/Program Files/Unity/Hub/Editor/2022.3.47f1/Editor/Data/PlaybackEngines/WindowsStandaloneSupport/UnityEditor.WindowsStandalone.Extensions.dll
Registered in 0.011325 seconds.
- Loaded All Assemblies, in  0.365 seconds
Native extension for WindowsStandalone target not found
Native extension for WebGL target not found
Mono: successfully reloaded assembly
- Finished resetting the current domain, in  0.273 seconds
Domain Reload Profiling: 636ms
	BeginReloadAssembly (109ms)
		ExecutionOrderSort (0ms)
		DisableScriptedObjects (0ms)
		BackupInstance (0ms)
		ReleaseScriptingObjects (0ms)
		CreateAndSetChildDomain (1ms)
	RebuildCommonClasses (34ms)
	RebuildNativeTypeToScriptingClass (11ms)
	initialDomainReloadingComplete (64ms)
	LoadAllAssembliesAndSetupDomain (145ms)
		LoadAssemblies (106ms)
		RebuildTransferFunctionScriptingTraits (0ms)
		AnalyzeDomain (143ms)
			TypeCache.Refresh (142ms)
				TypeCache.ScanAssembly (128ms)
			ScanForSourceGeneratedMonoScriptInfo (0ms)
			ResolveRequiredComponents (0ms)
	FinalizeReload (273ms)
		ReleaseScriptCaches (0ms)
		RebuildScriptCaches (0ms)
		SetupLoadedEditorAssemblies (226ms)
			LogAssemblyErrors (0ms)
			InitializePlatformSupportModulesInManaged (11ms)
			SetLoadedEditorAssemblies (5ms)
			RefreshPlugins (0ms)
			BeforeProcessingInitializeOnLoad (2ms)
			ProcessInitializeOnLoadAttributes (159ms)
			ProcessInitializeOnLoadMethodAttributes (48ms)
			AfterProcessingInitializeOnLoad (0ms)
			EditorAssembliesLoaded (0ms)
		ExecutionOrderSort2 (0ms)
		AwakeInstancesAfterBackupRestoration (0ms)
========================================================================
Worker process is ready to serve import requests
Caller must complete domain reload
Begin MonoManager ReloadAssembly
- Loaded All Assemblies, in  0.656 seconds
Native extension for WindowsStandalone target not found
Native extension for WebGL target not found
Package Manager log level set to [2]
[Package Manager] Server::EnsureServerProcessIsRunning -- launch failed, reason: Unity was launched with the -noUpm command-line argument
[Package Manager] UpmClient::Send -- Unable to send message (not connected to UPM process).
[Package Manager] Cannot connect to Unity Package Manager local server
Mono: successfully reloaded assembly
- Finished resetting the current domain, in  0.674 seconds
Domain Reload Profiling: 1323ms
	BeginReloadAssembly (150ms)
		ExecutionOrderSort (0ms)
		DisableScriptedObjects (6ms)
		BackupInstance (0ms)
		ReleaseScriptingObjects (0ms)
		CreateAndSetChildDomain (21ms)
	RebuildCommonClasses (34ms)
	RebuildNativeTypeToScriptingClass (11ms)
	initialDomainReloadingComplete (46ms)
	LoadAllAssembliesAndSetupDomain (407ms)
		LoadAssemblies (349ms)
		RebuildTransferFunctionScriptingTraits (0ms)
		AnalyzeDomain (147ms)
			TypeCache.Refresh (120ms)
				TypeCache.ScanAssembly (106ms)
			ScanForSourceGeneratedMonoScriptInfo (17ms)
			ResolveRequiredComponents (9ms)
	FinalizeReload (675ms)
		ReleaseScriptCaches (0ms)
		RebuildScriptCaches (0ms)
		SetupLoadedEditorAssemblies (530ms)
			LogAssemblyErrors (0ms)
			InitializePlatformSupportModulesInManaged (8ms)
			SetLoadedEditorAssemblies (3ms)
			RefreshPlugins (0ms)
			BeforeProcessingInitializeOnLoad (83ms)
			ProcessInitializeOnLoadAttributes (358ms)
			ProcessInitializeOnLoadMethodAttributes (68ms)
			AfterProcessingInitializeOnLoad (10ms)
			EditorAssembliesLoaded (0ms)
		ExecutionOrderSort2 (0ms)
		AwakeInstancesAfterBackupRestoration (7ms)
Launched and connected shader compiler UnityShaderCompiler.exe after 0.06 seconds
Refreshing native plugins compatible for Editor in 6.49 ms, found 2 plugins.
Preloading 0 native plugins for Editor in 0.00 ms.
Unloading 3329 Unused Serialized files (Serialized files now loaded: 0)
Unloading 23 unused Assets / (0.7 MB). Loaded Objects now: 3822.
Memory consumption went from 165.3 MB to 164.6 MB.
Total: 3.353500 ms (FindLiveObjects: 0.253600 ms CreateObjectMapping: 0.348200 ms MarkObjects: 2.366100 ms  DeleteObjects: 0.384100 ms)

AssetImportParameters requested are different than current active one (requested -> active):
  custom:container-demuxer-ogg: 62fdf1f143b41e24485cea50d1cbac27 -> 
  custom:video-codec-MediaFoundation-h265: 746d11721c4dcdbdad8f713fa42b33f4 -> 
  custom:video-decoder-ogg-theora: a1e56fd34408186e4bbccfd4996cb3dc -> 
  custom:framework-win-MediaFoundation: 216162199b28c13a410421893ffa2e32 -> 
  custom:CustomObjectIndexerAttribute: 72b91833f83ae208fae7752999fa3104 -> 
  custom:container-demuxer-webm: 4f35f7cbe854078d1ac9338744f61a02 -> 
  custom:container-muxer-webm: aa71ff27fc2769a1b78a27578f13a17b -> 
  custom:video-decoder-webm-vp8: 9c59270c3fd7afecdb556c50c9e8de78 -> 
  custom:SearchIndexIgnoredProperties: e643bd26f0fe6173181afceb89e7c659 -> 
  custom:AudioImporter_EditorPlatform: d09bf68614088b80899f8185d706f6e7 -> 
  custom:video-encoder-webm-vp8: eb34c28f22e8b96e1ab97ce403110664 -> 
  custom:audio-decoder-ogg-vorbis: bf7c407c2cedff20999df2af8eb42d56 -> 
  custom:audio-encoder-webm-vorbis: bf7c407c2cedff20999df2af8eb42d56 -> 
========================================================================
Received Prepare
Caller must complete domain reload
Begin MonoManager ReloadAssembly
- Loaded All Assemblies, in  0.488 seconds
Native extension for WindowsStandalone target not found
Native extension for WebGL target not found
[Package Manager] Server::EnsureServerProcessIsRunning -- launch failed, reason: Unity was launched with the -noUpm command-line argument
[Package Manager] UpmClient::Send -- Unable to send message (not connected to UPM process).
[Package Manager] Cannot connect to Unity Package Manager local server
Mono: successfully reloaded assembly
- Finished resetting the current domain, in  1.419 seconds
Domain Reload Profiling: 1900ms
	BeginReloadAssembly (153ms)
		ExecutionOrderSort (0ms)
		DisableScriptedObjects (6ms)
		BackupInstance (0ms)
		ReleaseScriptingObjects (0ms)
		CreateAndSetChildDomain (30ms)
	RebuildCommonClasses (32ms)
	RebuildNativeTypeToScriptingClass (11ms)
	initialDomainReloadingComplete (33ms)
	LoadAllAssembliesAndSetupDomain (251ms)
		LoadAssemblies (323ms)
		RebuildTransferFunctionScriptingTraits (0ms)
		AnalyzeDomain (13ms)
			TypeCache.Refresh (4ms)
				TypeCache.ScanAssembly (0ms)
			ScanForSourceGeneratedMonoScriptInfo (0ms)
			ResolveRequiredComponents (8ms)
	FinalizeReload (1420ms)
		ReleaseScriptCaches (0ms)
		RebuildScriptCaches (0ms)
		SetupLoadedEditorAssemblies (540ms)
			LogAssemblyErrors (0ms)
			InitializePlatformSupportModulesInManaged (9ms)
			SetLoadedEditorAssemblies (4ms)
			RefreshPlugins (0ms)
			BeforeProcessingInitializeOnLoad (87ms)
			ProcessInitializeOnLoadAttributes (362ms)
			ProcessInitializeOnLoadMethodAttributes (66ms)
			AfterProcessingInitializeOnLoad (11ms)
			EditorAssembliesLoaded (0ms)
		ExecutionOrderSort2 (0ms)
		AwakeInstancesAfterBackupRestoration (8ms)
Refreshing native plugins compatible for Editor in 7.12 ms, found 2 plugins.
Preloading 0 native plugins for Editor in 0.00 ms.
Unloading 3241 Unused Serialized files (Serialized files now loaded: 0)
Unloading 18 unused Assets / (0.7 MB). Loaded Objects now: 3825.
Memory consumption went from 145.0 MB to 144.3 MB.
Total: 3.177300 ms (FindLiveObjects: 0.252100 ms CreateObjectMapping: 0.211700 ms MarkObjects: 2.391700 ms  DeleteObjects: 0.320800 ms)

Prepare: number of updated asset objects reloaded= 0
AssetImportParameters requested are different than current active one (requested -> active):
  custom:container-demuxer-ogg: 62fdf1f143b41e24485cea50d1cbac27 -> 
  custom:video-codec-MediaFoundation-h265: 746d11721c4dcdbdad8f713fa42b33f4 -> 
  custom:video-decoder-ogg-theora: a1e56fd34408186e4bbccfd4996cb3dc -> 
  custom:framework-win-MediaFoundation: 216162199b28c13a410421893ffa2e32 -> 
  custom:CustomObjectIndexerAttribute: 72b91833f83ae208fae7752999fa3104 -> 
  custom:container-demuxer-webm: 4f35f7cbe854078d1ac9338744f61a02 -> 
  custom:container-muxer-webm: aa71ff27fc2769a1b78a27578f13a17b -> 
  custom:video-decoder-webm-vp8: 9c59270c3fd7afecdb556c50c9e8de78 -> 
  custom:SearchIndexIgnoredProperties: e643bd26f0fe6173181afceb89e7c659 -> 
  custom:AudioImporter_EditorPlatform: d09bf68614088b80899f8185d706f6e7 -> 
  custom:video-encoder-webm-vp8: eb34c28f22e8b96e1ab97ce403110664 -> 
  custom:audio-decoder-ogg-vorbis: bf7c407c2cedff20999df2af8eb42d56 -> 
  custom:audio-encoder-webm-vorbis: bf7c407c2cedff20999df2af8eb42d56 -> 
========================================================================
Received Prepare
Caller must complete domain reload
Begin MonoManager ReloadAssembly
- Loaded All Assemblies, in  0.469 seconds
Native extension for WindowsStandalone target not found
Native extension for WebGL target not found
[Package Manager] Server::EnsureServerProcessIsRunning -- launch failed, reason: Unity was launched with the -noUpm command-line argument
[Package Manager] UpmClient::Send -- Unable to send message (not connected to UPM process).
[Package Manager] Cannot connect to Unity Package Manager local server
Mono: successfully reloaded assembly
- Finished resetting the current domain, in  1.446 seconds
Domain Reload Profiling: 1909ms
	BeginReloadAssembly (144ms)
		ExecutionOrderSort (0ms)
		DisableScriptedObjects (4ms)
		BackupInstance (0ms)
		ReleaseScriptingObjects (0ms)
		CreateAndSetChildDomain (26ms)
	RebuildCommonClasses (31ms)
	RebuildNativeTypeToScriptingClass (12ms)
	initialDomainReloadingComplete (32ms)
	LoadAllAssembliesAndSetupDomain (243ms)
		LoadAssemblies (311ms)
		RebuildTransferFunctionScriptingTraits (0ms)
		AnalyzeDomain (13ms)
			TypeCache.Refresh (5ms)
				TypeCache.ScanAssembly (0ms)
			ScanForSourceGeneratedMonoScriptInfo (0ms)
			ResolveRequiredComponents (8ms)
	FinalizeReload (1447ms)
		ReleaseScriptCaches (0ms)
		RebuildScriptCaches (0ms)
		SetupLoadedEditorAssemblies (547ms)
			LogAssemblyErrors (0ms)
			InitializePlatformSupportModulesInManaged (10ms)
			SetLoadedEditorAssemblies (4ms)
			RefreshPlugins (0ms)
			BeforeProcessingInitializeOnLoad (91ms)
			ProcessInitializeOnLoadAttributes (365ms)
			ProcessInitializeOnLoadMethodAttributes (67ms)
			AfterProcessingInitializeOnLoad (10ms)
			EditorAssembliesLoaded (0ms)
		ExecutionOrderSort2 (0ms)
		AwakeInstancesAfterBackupRestoration (7ms)
Refreshing native plugins compatible for Editor in 7.04 ms, found 2 plugins.
Preloading 0 native plugins for Editor in 0.00 ms.
Unloading 3241 Unused Serialized files (Serialized files now loaded: 0)
Unloading 18 unused Assets / (0.7 MB). Loaded Objects now: 3828.
Memory consumption went from 145.0 MB to 144.3 MB.
Total: 3.239300 ms (FindLiveObjects: 0.268300 ms CreateObjectMapping: 0.249000 ms MarkObjects: 2.366600 ms  DeleteObjects: 0.354300 ms)

Prepare: number of updated asset objects reloaded= 1
AssetImportParameters requested are different than current active one (requested -> active):
  custom:container-demuxer-ogg: 62fdf1f143b41e24485cea50d1cbac27 -> 
  custom:video-codec-MediaFoundation-h265: 746d11721c4dcdbdad8f713fa42b33f4 -> 
  custom:video-decoder-ogg-theora: a1e56fd34408186e4bbccfd4996cb3dc -> 
  custom:framework-win-MediaFoundation: 216162199b28c13a410421893ffa2e32 -> 
  custom:CustomObjectIndexerAttribute: 72b91833f83ae208fae7752999fa3104 -> 
  custom:container-demuxer-webm: 4f35f7cbe854078d1ac9338744f61a02 -> 
  custom:container-muxer-webm: aa71ff27fc2769a1b78a27578f13a17b -> 
  custom:video-decoder-webm-vp8: 9c59270c3fd7afecdb556c50c9e8de78 -> 
  custom:SearchIndexIgnoredProperties: e643bd26f0fe6173181afceb89e7c659 -> 
  custom:AudioImporter_EditorPlatform: d09bf68614088b80899f8185d706f6e7 -> 
  custom:video-encoder-webm-vp8: eb34c28f22e8b96e1ab97ce403110664 -> 
  custom:audio-decoder-ogg-vorbis: bf7c407c2cedff20999df2af8eb42d56 -> 
  custom:audio-encoder-webm-vorbis: bf7c407c2cedff20999df2af8eb42d56 -> 
========================================================================
Received Prepare
Caller must complete domain reload
Begin MonoManager ReloadAssembly
- Loaded All Assemblies, in  0.499 seconds
Native extension for WindowsStandalone target not found
Native extension for WebGL target not found
[Package Manager] Server::EnsureServerProcessIsRunning -- launch failed, reason: Unity was launched with the -noUpm command-line argument
[Package Manager] UpmClient::Send -- Unable to send message (not connected to UPM process).
[Package Manager] Cannot connect to Unity Package Manager local server
Mono: successfully reloaded assembly
- Finished resetting the current domain, in  1.363 seconds
Domain Reload Profiling: 1856ms
	BeginReloadAssembly (160ms)
		ExecutionOrderSort (0ms)
		DisableScriptedObjects (4ms)
		BackupInstance (0ms)
		ReleaseScriptingObjects (0ms)
		CreateAndSetChildDomain (26ms)
	RebuildCommonClasses (31ms)
	RebuildNativeTypeToScriptingClass (11ms)
	initialDomainReloadingComplete (32ms)
	LoadAllAssembliesAndSetupDomain (257ms)
		LoadAssemblies (325ms)
		RebuildTransferFunctionScriptingTraits (0ms)
		AnalyzeDomain (13ms)
			TypeCache.Refresh (5ms)
				TypeCache.ScanAssembly (0ms)
			ScanForSourceGeneratedMonoScriptInfo (0ms)
			ResolveRequiredComponents (8ms)
	FinalizeReload (1364ms)
		ReleaseScriptCaches (0ms)
		RebuildScriptCaches (0ms)
		SetupLoadedEditorAssemblies (543ms)
			LogAssemblyErrors (0ms)
			InitializePlatformSupportModulesInManaged (9ms)
			SetLoadedEditorAssemblies (3ms)
			RefreshPlugins (0ms)
			BeforeProcessingInitializeOnLoad (86ms)
			ProcessInitializeOnLoadAttributes (371ms)
			ProcessInitializeOnLoadMethodAttributes (63ms)
			AfterProcessingInitializeOnLoad (10ms)
			EditorAssembliesLoaded (0ms)
		ExecutionOrderSort2 (0ms)
		AwakeInstancesAfterBackupRestoration (8ms)
Refreshing native plugins compatible for Editor in 7.39 ms, found 2 plugins.
Preloading 0 native plugins for Editor in 0.00 ms.
Unloading 3241 Unused Serialized files (Serialized files now loaded: 0)
Unloading 18 unused Assets / (0.7 MB). Loaded Objects now: 3831.
Memory consumption went from 145.0 MB to 144.3 MB.
Total: 3.199500 ms (FindLiveObjects: 0.274400 ms CreateObjectMapping: 0.247700 ms MarkObjects: 2.322200 ms  DeleteObjects: 0.354300 ms)

Prepare: number of updated asset objects reloaded= 0
AssetImportParameters requested are different than current active one (requested -> active):
  custom:container-demuxer-ogg: 62fdf1f143b41e24485cea50d1cbac27 -> 
  custom:video-codec-MediaFoundation-h265: 746d11721c4dcdbdad8f713fa42b33f4 -> 
  custom:video-decoder-ogg-theora: a1e56fd34408186e4bbccfd4996cb3dc -> 
  custom:framework-win-MediaFoundation: 216162199b28c13a410421893ffa2e32 -> 
  custom:CustomObjectIndexerAttribute: 72b91833f83ae208fae7752999fa3104 -> 
  custom:container-demuxer-webm: 4f35f7cbe854078d1ac9338744f61a02 -> 
  custom:container-muxer-webm: aa71ff27fc2769a1b78a27578f13a17b -> 
  custom:video-decoder-webm-vp8: 9c59270c3fd7afecdb556c50c9e8de78 -> 
  custom:SearchIndexIgnoredProperties: e643bd26f0fe6173181afceb89e7c659 -> 
  custom:AudioImporter_EditorPlatform: d09bf68614088b80899f8185d706f6e7 -> 
  custom:video-encoder-webm-vp8: eb34c28f22e8b96e1ab97ce403110664 -> 
  custom:audio-decoder-ogg-vorbis: bf7c407c2cedff20999df2af8eb42d56 -> 
  custom:audio-encoder-webm-vorbis: bf7c407c2cedff20999df2af8eb42d56 -> 
========================================================================
Received Prepare
Caller must complete domain reload
Begin MonoManager ReloadAssembly
- Loaded All Assemblies, in  0.507 seconds
Native extension for WindowsStandalone target not found
Native extension for WebGL target not found
[Package Manager] Server::EnsureServerProcessIsRunning -- launch failed, reason: Unity was launched with the -noUpm command-line argument
[Package Manager] UpmClient::Send -- Unable to send message (not connected to UPM process).
[Package Manager] Cannot connect to Unity Package Manager local server
Mono: successfully reloaded assembly
- Finished resetting the current domain, in  1.248 seconds
Domain Reload Profiling: 1748ms
	BeginReloadAssembly (149ms)
		ExecutionOrderSort (0ms)
		DisableScriptedObjects (4ms)
		BackupInstance (0ms)
		ReleaseScriptingObjects (0ms)
		CreateAndSetChildDomain (26ms)
	RebuildCommonClasses (32ms)
	RebuildNativeTypeToScriptingClass (11ms)
	initialDomainReloadingComplete (33ms)
	LoadAllAssembliesAndSetupDomain (275ms)
		LoadAssemblies (322ms)
		RebuildTransferFunctionScriptingTraits (0ms)
		AnalyzeDomain (38ms)
			TypeCache.Refresh (7ms)
				TypeCache.ScanAssembly (0ms)
			ScanForSourceGeneratedMonoScriptInfo (22ms)
			ResolveRequiredComponents (8ms)
	FinalizeReload (1249ms)
		ReleaseScriptCaches (0ms)
		RebuildScriptCaches (0ms)
		SetupLoadedEditorAssemblies (481ms)
			LogAssemblyErrors (0ms)
			InitializePlatformSupportModulesInManaged (8ms)
			SetLoadedEditorAssemblies (3ms)
			RefreshPlugins (0ms)
			BeforeProcessingInitializeOnLoad (77ms)
			ProcessInitializeOnLoadAttributes (325ms)
			ProcessInitializeOnLoadMethodAttributes (58ms)
			AfterProcessingInitializeOnLoad (9ms)
			EditorAssembliesLoaded (0ms)
		ExecutionOrderSort2 (0ms)
		AwakeInstancesAfterBackupRestoration (7ms)
Refreshing native plugins compatible for Editor in 6.23 ms, found 2 plugins.
Preloading 0 native plugins for Editor in 0.00 ms.
Unloading 3241 Unused Serialized files (Serialized files now loaded: 0)
Unloading 18 unused Assets / (0.7 MB). Loaded Objects now: 3834.
Memory consumption went from 145.0 MB to 144.3 MB.
Total: 3.169600 ms (FindLiveObjects: 0.336400 ms CreateObjectMapping: 0.222500 ms MarkObjects: 2.296700 ms  DeleteObjects: 0.313100 ms)

Prepare: number of updated asset objects reloaded= 0
AssetImportParameters requested are different than current active one (requested -> active):
  custom:container-demuxer-ogg: 62fdf1f143b41e24485cea50d1cbac27 -> 
  custom:video-codec-MediaFoundation-h265: 746d11721c4dcdbdad8f713fa42b33f4 -> 
  custom:video-decoder-ogg-theora: a1e56fd34408186e4bbccfd4996cb3dc -> 
  custom:framework-win-MediaFoundation: 216162199b28c13a410421893ffa2e32 -> 
  custom:CustomObjectIndexerAttribute: 72b91833f83ae208fae7752999fa3104 -> 
  custom:container-demuxer-webm: 4f35f7cbe854078d1ac9338744f61a02 -> 
  custom:container-muxer-webm: aa71ff27fc2769a1b78a27578f13a17b -> 
  custom:video-decoder-webm-vp8: 9c59270c3fd7afecdb556c50c9e8de78 -> 
  custom:SearchIndexIgnoredProperties: e643bd26f0fe6173181afceb89e7c659 -> 
  custom:AudioImporter_EditorPlatform: d09bf68614088b80899f8185d706f6e7 -> 
  custom:video-encoder-webm-vp8: eb34c28f22e8b96e1ab97ce403110664 -> 
  custom:audio-decoder-ogg-vorbis: bf7c407c2cedff20999df2af8eb42d56 -> 
  custom:audio-encoder-webm-vorbis: bf7c407c2cedff20999df2af8eb42d56 -> 
========================================================================
Received Prepare
Caller must complete domain reload
Begin MonoManager ReloadAssembly
- Loaded All Assemblies, in  0.502 seconds
Native extension for WindowsStandalone target not found
Native extension for WebGL target not found
[Package Manager] Server::EnsureServerProcessIsRunning -- launch failed, reason: Unity was launched with the -noUpm command-line argument
[Package Manager] UpmClient::Send -- Unable to send message (not connected to UPM process).
[Package Manager] Cannot connect to Unity Package Manager local server
Mono: successfully reloaded assembly
- Finished resetting the current domain, in  1.464 seconds
Domain Reload Profiling: 1960ms
	BeginReloadAssembly (156ms)
		ExecutionOrderSort (0ms)
		DisableScriptedObjects (4ms)
		BackupInstance (0ms)
		ReleaseScriptingObjects (0ms)
		CreateAndSetChildDomain (29ms)
	RebuildCommonClasses (34ms)
	RebuildNativeTypeToScriptingClass (12ms)
	initialDomainReloadingComplete (32ms)
	LoadAllAssembliesAndSetupDomain (262ms)
		LoadAssemblies (335ms)
		RebuildTransferFunctionScriptingTraits (0ms)
		AnalyzeDomain (13ms)
			TypeCache.Refresh (5ms)
				TypeCache.ScanAssembly (0ms)
			ScanForSourceGeneratedMonoScriptInfo (0ms)
			ResolveRequiredComponents (8ms)
	FinalizeReload (1464ms)
		ReleaseScriptCaches (0ms)
		RebuildScriptCaches (0ms)
		SetupLoadedEditorAssemblies (558ms)
			LogAssemblyErrors (0ms)
			InitializePlatformSupportModulesInManaged (12ms)
			SetLoadedEditorAssemblies (3ms)
			RefreshPlugins (0ms)
			BeforeProcessingInitializeOnLoad (94ms)
			ProcessInitializeOnLoadAttributes (374ms)
			ProcessInitializeOnLoadMethodAttributes (65ms)
			AfterProcessingInitializeOnLoad (10ms)
			EditorAssembliesLoaded (0ms)
		ExecutionOrderSort2 (0ms)
		AwakeInstancesAfterBackupRestoration (7ms)
Refreshing native plugins compatible for Editor in 8.66 ms, found 2 plugins.
Preloading 0 native plugins for Editor in 0.00 ms.
Unloading 3241 Unused Serialized files (Serialized files now loaded: 0)
Unloading 18 unused Assets / (0.7 MB). Loaded Objects now: 3837.
Memory consumption went from 145.0 MB to 144.3 MB.
Total: 3.737900 ms (FindLiveObjects: 0.451700 ms CreateObjectMapping: 0.393300 ms MarkObjects: 2.454600 ms  DeleteObjects: 0.428200 ms)

Prepare: number of updated asset objects reloaded= 0
AssetImportParameters requested are different than current active one (requested -> active):
  custom:container-demuxer-ogg: 62fdf1f143b41e24485cea50d1cbac27 -> 
  custom:video-codec-MediaFoundation-h265: 746d11721c4dcdbdad8f713fa42b33f4 -> 
  custom:video-decoder-ogg-theora: a1e56fd34408186e4bbccfd4996cb3dc -> 
  custom:framework-win-MediaFoundation: 216162199b28c13a410421893ffa2e32 -> 
  custom:CustomObjectIndexerAttribute: 72b91833f83ae208fae7752999fa3104 -> 
  custom:container-demuxer-webm: 4f35f7cbe854078d1ac9338744f61a02 -> 
  custom:container-muxer-webm: aa71ff27fc2769a1b78a27578f13a17b -> 
  custom:video-decoder-webm-vp8: 9c59270c3fd7afecdb556c50c9e8de78 -> 
  custom:SearchIndexIgnoredProperties: e643bd26f0fe6173181afceb89e7c659 -> 
  custom:AudioImporter_EditorPlatform: d09bf68614088b80899f8185d706f6e7 -> 
  custom:video-encoder-webm-vp8: eb34c28f22e8b96e1ab97ce403110664 -> 
  custom:audio-decoder-ogg-vorbis: bf7c407c2cedff20999df2af8eb42d56 -> 
  custom:audio-encoder-webm-vorbis: bf7c407c2cedff20999df2af8eb42d56 -> 
========================================================================
Received Import Request.
  Time since last request: 39286.546751 seconds.
  path: Assets/Skybox/Forest Road.hdr
  artifactKey: Guid(919d0984003fcc348af542d81831c1bc) Importer(815301076,1909f56bfc062723c751e8b465ee728b)
Start importing Assets/Skybox/Forest Road.hdr using Guid(919d0984003fcc348af542d81831c1bc) Importer(815301076,1909f56bfc062723c751e8b465ee728b) [PhysX] Initialized MultithreadedTaskDispatcher with 8 workers.
[PhysX] Initialized MultithreadedTaskDispatcher with 8 workers.
[PhysX] Initialized MultithreadedTaskDispatcher with 8 workers.
 -> (artifact id: 'f120ee69db9d040accbe44f9b3d74e97') in 0.692727 seconds
Number of updated asset objects reloaded before import = 0
Number of asset objects unloaded after import = 1
========================================================================
Received Prepare
Caller must complete domain reload
Begin MonoManager ReloadAssembly
- Loaded All Assemblies, in  0.481 seconds
Native extension for WindowsStandalone target not found
Native extension for WebGL target not found
[Package Manager] Server::EnsureServerProcessIsRunning -- launch failed, reason: Unity was launched with the -noUpm command-line argument
[Package Manager] UpmClient::Send -- Unable to send message (not connected to UPM process).
[Package Manager] Cannot connect to Unity Package Manager local server
Mono: successfully reloaded assembly
- Finished resetting the current domain, in  1.365 seconds
Domain Reload Profiling: 1839ms
	BeginReloadAssembly (148ms)
		ExecutionOrderSort (0ms)
		DisableScriptedObjects (4ms)
		BackupInstance (0ms)
		ReleaseScriptingObjects (0ms)
		CreateAndSetChildDomain (29ms)
	RebuildCommonClasses (32ms)
	RebuildNativeTypeToScriptingClass (10ms)
	initialDomainReloadingComplete (32ms)
	LoadAllAssembliesAndSetupDomain (251ms)
		LoadAssemblies (320ms)
		RebuildTransferFunctionScriptingTraits (0ms)
		AnalyzeDomain (14ms)
			TypeCache.Refresh (5ms)
				TypeCache.ScanAssembly (0ms)
			ScanForSourceGeneratedMonoScriptInfo (0ms)
			ResolveRequiredComponents (8ms)
	FinalizeReload (1365ms)
		ReleaseScriptCaches (0ms)
		RebuildScriptCaches (0ms)
		SetupLoadedEditorAssemblies (529ms)
			LogAssemblyErrors (0ms)
			InitializePlatformSupportModulesInManaged (9ms)
			SetLoadedEditorAssemblies (3ms)
			RefreshPlugins (0ms)
			BeforeProcessingInitializeOnLoad (85ms)
			ProcessInitializeOnLoadAttributes (360ms)
			ProcessInitializeOnLoadMethodAttributes (62ms)
			AfterProcessingInitializeOnLoad (10ms)
			EditorAssembliesLoaded (0ms)
		ExecutionOrderSort2 (0ms)
		AwakeInstancesAfterBackupRestoration (8ms)
Refreshing native plugins compatible for Editor in 7.27 ms, found 2 plugins.
Preloading 0 native plugins for Editor in 0.00 ms.
Unloading 3240 Unused Serialized files (Serialized files now loaded: 0)
Unloading 18 unused Assets / (0.7 MB). Loaded Objects now: 3873.
Memory consumption went from 149.5 MB to 148.8 MB.
Total: 2.947000 ms (FindLiveObjects: 0.274000 ms CreateObjectMapping: 0.229700 ms MarkObjects: 2.138700 ms  DeleteObjects: 0.303800 ms)

Prepare: number of updated asset objects reloaded= 0
AssetImportParameters requested are different than current active one (requested -> active):
  custom:container-demuxer-ogg: 62fdf1f143b41e24485cea50d1cbac27 -> 
  custom:video-codec-MediaFoundation-h265: 746d11721c4dcdbdad8f713fa42b33f4 -> 
  custom:video-decoder-ogg-theora: a1e56fd34408186e4bbccfd4996cb3dc -> 
  custom:framework-win-MediaFoundation: 216162199b28c13a410421893ffa2e32 -> 
  custom:CustomObjectIndexerAttribute: 72b91833f83ae208fae7752999fa3104 -> 
  custom:container-demuxer-webm: 4f35f7cbe854078d1ac9338744f61a02 -> 
  custom:container-muxer-webm: aa71ff27fc2769a1b78a27578f13a17b -> 
  custom:video-decoder-webm-vp8: 9c59270c3fd7afecdb556c50c9e8de78 -> 
  custom:SearchIndexIgnoredProperties: e643bd26f0fe6173181afceb89e7c659 -> 
  custom:AudioImporter_EditorPlatform: d09bf68614088b80899f8185d706f6e7 -> 
  custom:video-encoder-webm-vp8: eb34c28f22e8b96e1ab97ce403110664 -> 
  custom:audio-decoder-ogg-vorbis: bf7c407c2cedff20999df2af8eb42d56 -> 
  custom:audio-encoder-webm-vorbis: bf7c407c2cedff20999df2af8eb42d56 -> 
========================================================================
Received Prepare
Caller must complete domain reload
Begin MonoManager ReloadAssembly
- Loaded All Assemblies, in  0.639 seconds
Native extension for WindowsStandalone target not found
Native extension for WebGL target not found
[Package Manager] Server::EnsureServerProcessIsRunning -- launch failed, reason: Unity was launched with the -noUpm command-line argument
[Package Manager] UpmClient::Send -- Unable to send message (not connected to UPM process).
[Package Manager] Cannot connect to Unity Package Manager local server
Mono: successfully reloaded assembly
- Finished resetting the current domain, in  1.572 seconds
Domain Reload Profiling: 2202ms
	BeginReloadAssembly (155ms)
		ExecutionOrderSort (0ms)
		DisableScriptedObjects (4ms)
		BackupInstance (0ms)
		ReleaseScriptingObjects (0ms)
		CreateAndSetChildDomain (30ms)
	RebuildCommonClasses (32ms)
	RebuildNativeTypeToScriptingClass (12ms)
	initialDomainReloadingComplete (41ms)
	LoadAllAssembliesAndSetupDomain (388ms)
		LoadAssemblies (424ms)
		RebuildTransferFunctionScriptingTraits (0ms)
		AnalyzeDomain (51ms)
			TypeCache.Refresh (10ms)
				TypeCache.ScanAssembly (0ms)
			ScanForSourceGeneratedMonoScriptInfo (29ms)
			ResolveRequiredComponents (11ms)
	FinalizeReload (1573ms)
		ReleaseScriptCaches (0ms)
		RebuildScriptCaches (0ms)
		SetupLoadedEditorAssemblies (566ms)
			LogAssemblyErrors (0ms)
			InitializePlatformSupportModulesInManaged (10ms)
			SetLoadedEditorAssemblies (3ms)
			RefreshPlugins (0ms)
			BeforeProcessingInitializeOnLoad (104ms)
			ProcessInitializeOnLoadAttributes (370ms)
			ProcessInitializeOnLoadMethodAttributes (69ms)
			AfterProcessingInitializeOnLoad (10ms)
			EditorAssembliesLoaded (0ms)
		ExecutionOrderSort2 (0ms)
		AwakeInstancesAfterBackupRestoration (7ms)
Refreshing native plugins compatible for Editor in 6.40 ms, found 2 plugins.
Preloading 0 native plugins for Editor in 0.00 ms.
Unloading 3241 Unused Serialized files (Serialized files now loaded: 0)
Unloading 18 unused Assets / (0.7 MB). Loaded Objects now: 3876.
Memory consumption went from 149.7 MB to 149.1 MB.
Total: 3.439100 ms (FindLiveObjects: 0.251400 ms CreateObjectMapping: 0.187800 ms MarkObjects: 2.675900 ms  DeleteObjects: 0.323000 ms)

Prepare: number of updated asset objects reloaded= 0
AssetImportParameters requested are different than current active one (requested -> active):
  custom:container-demuxer-ogg: 62fdf1f143b41e24485cea50d1cbac27 -> 
  custom:video-codec-MediaFoundation-h265: 746d11721c4dcdbdad8f713fa42b33f4 -> 
  custom:video-decoder-ogg-theora: a1e56fd34408186e4bbccfd4996cb3dc -> 
  custom:framework-win-MediaFoundation: 216162199b28c13a410421893ffa2e32 -> 
  custom:CustomObjectIndexerAttribute: 72b91833f83ae208fae7752999fa3104 -> 
  custom:container-demuxer-webm: 4f35f7cbe854078d1ac9338744f61a02 -> 
  custom:container-muxer-webm: aa71ff27fc2769a1b78a27578f13a17b -> 
  custom:video-decoder-webm-vp8: 9c59270c3fd7afecdb556c50c9e8de78 -> 
  custom:SearchIndexIgnoredProperties: e643bd26f0fe6173181afceb89e7c659 -> 
  custom:AudioImporter_EditorPlatform: d09bf68614088b80899f8185d706f6e7 -> 
  custom:video-encoder-webm-vp8: eb34c28f22e8b96e1ab97ce403110664 -> 
  custom:audio-decoder-ogg-vorbis: bf7c407c2cedff20999df2af8eb42d56 -> 
  custom:audio-encoder-webm-vorbis: bf7c407c2cedff20999df2af8eb42d56 -> 
========================================================================
Received Prepare
Caller must complete domain reload
Begin MonoManager ReloadAssembly
- Loaded All Assemblies, in  0.526 seconds
Native extension for WindowsStandalone target not found
Native extension for WebGL target not found
[Package Manager] Server::EnsureServerProcessIsRunning -- launch failed, reason: Unity was launched with the -noUpm command-line argument
[Package Manager] UpmClient::Send -- Unable to send message (not connected to UPM process).
[Package Manager] Cannot connect to Unity Package Manager local server
Mono: successfully reloaded assembly
- Finished resetting the current domain, in  1.433 seconds
Domain Reload Profiling: 1941ms
	BeginReloadAssembly (157ms)
		ExecutionOrderSort (0ms)
		DisableScriptedObjects (4ms)
		BackupInstance (0ms)
		ReleaseScriptingObjects (0ms)
		CreateAndSetChildDomain (27ms)
	RebuildCommonClasses (36ms)
	RebuildNativeTypeToScriptingClass (11ms)
	initialDomainReloadingComplete (36ms)
	LoadAllAssembliesAndSetupDomain (269ms)
		LoadAssemblies (345ms)
		RebuildTransferFunctionScriptingTraits (0ms)
		AnalyzeDomain (14ms)
			TypeCache.Refresh (5ms)
				TypeCache.ScanAssembly (0ms)
			ScanForSourceGeneratedMonoScriptInfo (0ms)
			ResolveRequiredComponents (8ms)
	FinalizeReload (1433ms)
		ReleaseScriptCaches (0ms)
		RebuildScriptCaches (0ms)
		SetupLoadedEditorAssemblies (535ms)
			LogAssemblyErrors (0ms)
			InitializePlatformSupportModulesInManaged (9ms)
			SetLoadedEditorAssemblies (3ms)
			RefreshPlugins (0ms)
			BeforeProcessingInitializeOnLoad (84ms)
			ProcessInitializeOnLoadAttributes (364ms)
			ProcessInitializeOnLoadMethodAttributes (65ms)
			AfterProcessingInitializeOnLoad (10ms)
			EditorAssembliesLoaded (0ms)
		ExecutionOrderSort2 (0ms)
		AwakeInstancesAfterBackupRestoration (7ms)
Refreshing native plugins compatible for Editor in 7.08 ms, found 2 plugins.
Preloading 0 native plugins for Editor in 0.00 ms.
Unloading 3241 Unused Serialized files (Serialized files now loaded: 0)
Unloading 18 unused Assets / (0.7 MB). Loaded Objects now: 3879.
Memory consumption went from 149.8 MB to 149.1 MB.
Total: 3.078400 ms (FindLiveObjects: 0.298100 ms CreateObjectMapping: 0.244800 ms MarkObjects: 2.187900 ms  DeleteObjects: 0.346800 ms)

Prepare: number of updated asset objects reloaded= 0
AssetImportParameters requested are different than current active one (requested -> active):
  custom:container-demuxer-ogg: 62fdf1f143b41e24485cea50d1cbac27 -> 
  custom:video-codec-MediaFoundation-h265: 746d11721c4dcdbdad8f713fa42b33f4 -> 
  custom:video-decoder-ogg-theora: a1e56fd34408186e4bbccfd4996cb3dc -> 
  custom:framework-win-MediaFoundation: 216162199b28c13a410421893ffa2e32 -> 
  custom:CustomObjectIndexerAttribute: 72b91833f83ae208fae7752999fa3104 -> 
  custom:container-demuxer-webm: 4f35f7cbe854078d1ac9338744f61a02 -> 
  custom:container-muxer-webm: aa71ff27fc2769a1b78a27578f13a17b -> 
  custom:video-decoder-webm-vp8: 9c59270c3fd7afecdb556c50c9e8de78 -> 
  custom:SearchIndexIgnoredProperties: e643bd26f0fe6173181afceb89e7c659 -> 
  custom:AudioImporter_EditorPlatform: d09bf68614088b80899f8185d706f6e7 -> 
  custom:video-encoder-webm-vp8: eb34c28f22e8b96e1ab97ce403110664 -> 
  custom:audio-decoder-ogg-vorbis: bf7c407c2cedff20999df2af8eb42d56 -> 
  custom:audio-encoder-webm-vorbis: bf7c407c2cedff20999df2af8eb42d56 -> 
========================================================================
Received Prepare
Caller must complete domain reload
Begin MonoManager ReloadAssembly
- Loaded All Assemblies, in  0.513 seconds
Native extension for WindowsStandalone target not found
Native extension for WebGL target not found
[Package Manager] Server::EnsureServerProcessIsRunning -- launch failed, reason: Unity was launched with the -noUpm command-line argument
[Package Manager] UpmClient::Send -- Unable to send message (not connected to UPM process).
[Package Manager] Cannot connect to Unity Package Manager local server
Mono: successfully reloaded assembly
- Finished resetting the current domain, in  1.434 seconds
Domain Reload Profiling: 1941ms
	BeginReloadAssembly (165ms)
		ExecutionOrderSort (0ms)
		DisableScriptedObjects (4ms)
		BackupInstance (0ms)
		ReleaseScriptingObjects (0ms)
		CreateAndSetChildDomain (31ms)
	RebuildCommonClasses (32ms)
	RebuildNativeTypeToScriptingClass (12ms)
	initialDomainReloadingComplete (33ms)
	LoadAllAssembliesAndSetupDomain (264ms)
		LoadAssemblies (343ms)
		RebuildTransferFunctionScriptingTraits (0ms)
		AnalyzeDomain (14ms)
			TypeCache.Refresh (5ms)
				TypeCache.ScanAssembly (0ms)
			ScanForSourceGeneratedMonoScriptInfo (0ms)
			ResolveRequiredComponents (8ms)
	FinalizeReload (1435ms)
		ReleaseScriptCaches (0ms)
		RebuildScriptCaches (0ms)
		SetupLoadedEditorAssemblies (532ms)
			LogAssemblyErrors (0ms)
			InitializePlatformSupportModulesInManaged (9ms)
			SetLoadedEditorAssemblies (3ms)
			RefreshPlugins (0ms)
			BeforeProcessingInitializeOnLoad (87ms)
			ProcessInitializeOnLoadAttributes (360ms)
			ProcessInitializeOnLoadMethodAttributes (63ms)
			AfterProcessingInitializeOnLoad (10ms)
			EditorAssembliesLoaded (0ms)
		ExecutionOrderSort2 (0ms)
		AwakeInstancesAfterBackupRestoration (7ms)
Refreshing native plugins compatible for Editor in 7.79 ms, found 2 plugins.
Preloading 0 native plugins for Editor in 0.00 ms.
Unloading 3241 Unused Serialized files (Serialized files now loaded: 0)
Unloading 18 unused Assets / (0.7 MB). Loaded Objects now: 3882.
Memory consumption went from 149.8 MB to 149.1 MB.
Total: 3.056200 ms (FindLiveObjects: 0.252700 ms CreateObjectMapping: 0.257600 ms MarkObjects: 2.080500 ms  DeleteObjects: 0.464300 ms)

Prepare: number of updated asset objects reloaded= 0
AssetImportParameters requested are different than current active one (requested -> active):
  custom:container-demuxer-ogg: 62fdf1f143b41e24485cea50d1cbac27 -> 
  custom:video-codec-MediaFoundation-h265: 746d11721c4dcdbdad8f713fa42b33f4 -> 
  custom:video-decoder-ogg-theora: a1e56fd34408186e4bbccfd4996cb3dc -> 
  custom:framework-win-MediaFoundation: 216162199b28c13a410421893ffa2e32 -> 
  custom:CustomObjectIndexerAttribute: 72b91833f83ae208fae7752999fa3104 -> 
  custom:container-demuxer-webm: 4f35f7cbe854078d1ac9338744f61a02 -> 
  custom:container-muxer-webm: aa71ff27fc2769a1b78a27578f13a17b -> 
  custom:video-decoder-webm-vp8: 9c59270c3fd7afecdb556c50c9e8de78 -> 
  custom:SearchIndexIgnoredProperties: e643bd26f0fe6173181afceb89e7c659 -> 
  custom:AudioImporter_EditorPlatform: d09bf68614088b80899f8185d706f6e7 -> 
  custom:video-encoder-webm-vp8: eb34c28f22e8b96e1ab97ce403110664 -> 
  custom:audio-decoder-ogg-vorbis: bf7c407c2cedff20999df2af8eb42d56 -> 
  custom:audio-encoder-webm-vorbis: bf7c407c2cedff20999df2af8eb42d56 -> 
========================================================================
Received Prepare
Caller must complete domain reload
Begin MonoManager ReloadAssembly
- Loaded All Assemblies, in  0.511 seconds
Native extension for WindowsStandalone target not found
Native extension for WebGL target not found
[Package Manager] Server::EnsureServerProcessIsRunning -- launch failed, reason: Unity was launched with the -noUpm command-line argument
[Package Manager] UpmClient::Send -- Unable to send message (not connected to UPM process).
[Package Manager] Cannot connect to Unity Package Manager local server
Mono: successfully reloaded assembly
- Finished resetting the current domain, in  1.384 seconds
Domain Reload Profiling: 1887ms
	BeginReloadAssembly (146ms)
		ExecutionOrderSort (0ms)
		DisableScriptedObjects (4ms)
		BackupInstance (0ms)
		ReleaseScriptingObjects (0ms)
		CreateAndSetChildDomain (27ms)
	RebuildCommonClasses (32ms)
	RebuildNativeTypeToScriptingClass (11ms)
	initialDomainReloadingComplete (33ms)
	LoadAllAssembliesAndSetupDomain (281ms)
		LoadAssemblies (325ms)
		RebuildTransferFunctionScriptingTraits (0ms)
		AnalyzeDomain (37ms)
			TypeCache.Refresh (10ms)
				TypeCache.ScanAssembly (3ms)
			ScanForSourceGeneratedMonoScriptInfo (19ms)
			ResolveRequiredComponents (8ms)
	FinalizeReload (1384ms)
		ReleaseScriptCaches (0ms)
		RebuildScriptCaches (0ms)
		SetupLoadedEditorAssemblies (555ms)
			LogAssemblyErrors (0ms)
			InitializePlatformSupportModulesInManaged (8ms)
			SetLoadedEditorAssemblies (5ms)
			RefreshPlugins (0ms)
			BeforeProcessingInitializeOnLoad (83ms)
			ProcessInitializeOnLoadAttributes (378ms)
			ProcessInitializeOnLoadMethodAttributes (71ms)
			AfterProcessingInitializeOnLoad (10ms)
			EditorAssembliesLoaded (0ms)
		ExecutionOrderSort2 (0ms)
		AwakeInstancesAfterBackupRestoration (7ms)
Refreshing native plugins compatible for Editor in 9.46 ms, found 5 plugins.
Preloading 0 native plugins for Editor in 0.00 ms.
Unloading 3396 Unused Serialized files (Serialized files now loaded: 0)
Unloading 26 unused Assets / (1.0 MB). Loaded Objects now: 4032.
Memory consumption went from 155.1 MB to 154.1 MB.
Total: 3.353100 ms (FindLiveObjects: 0.257000 ms CreateObjectMapping: 0.223300 ms MarkObjects: 2.414600 ms  DeleteObjects: 0.457300 ms)

Prepare: number of updated asset objects reloaded= 0
AssetImportParameters requested are different than current active one (requested -> active):
  custom:scripting/monoscript/fileName/WEBMRecorderSettingsEditor.cs: 5559c87f45d3b65fac8d5ac4ef5e81c8 -> 
  custom:scripting/monoscript/fileName/UIElementHelper.cs: 9f9438adfe3361012ea6280d4cdb2df4 -> 
  custom:scripting/monoscript/fileName/AOVCameraInput.cs: c23c8ce885672bc57e25263b3efd067a -> 
  custom:scripting/monoscript/fileName/BaseTextureRecorder.cs: 90647cc400823b41df847a6cbfc29026 -> 
  custom:scripting/monoscript/fileName/Recorder.cs: a7e319d512627774f8215ba0b76f0bcb -> 
  custom:scripting/monoscript/fileName/AudioRecorder.cs: 89550121570f22445b4a1b28daea3cf9 -> 
  custom:scripting/monoscript/fileName/PanelSplitter.cs: 5ff6c6e385b6b12ca322a9c92ac6f371 -> 
  custom:scripting/monoscript/fileName/ImageRecorderSettings.cs: a7ab05fac9382c03607c40fe73956ed6 -> 
  custom:scripting/monoscript/fileName/RecorderClip.cs: 897017f45cb3c30f306724d1fa17a8fe -> 
  custom:scripting/monoscript/fileName/GIFRecorderSettings.cs: 979f88ae1e7731daed242ab2fdebbc0e -> 
  custom:container-demuxer-ogg: 62fdf1f143b41e24485cea50d1cbac27 -> 
  custom:scripting/monoscript/fileName/MovieRecorder.cs: 024785cf83e1399f425b2aa115d22e2b -> 
  custom:scripting/monoscript/fileName/RecorderControllerSettingsPresetEditor.cs: 49aed206ae65ed5ac6b420f7104cd52d -> 
  custom:scripting/monoscript/fileName/AudioInput.cs: 499e96d8f0b35d362bd956c0975bb873 -> 
  custom:scripting/monoscript/fileName/WEBMRecorderSettings.cs: c176c43abbe456aeea55c2aef862801b -> 
  custom:scripting/monoscript/fileName/RecorderControllerSettingsPreset.cs: 78b391c1384ac60213ef58d50e78d553 -> 
  custom:scripting/monoscript/fileName/GameViewInputSettings.cs: a7ae22123f532f5bbcb39c654c998b57 -> 
  custom:scripting/monoscript/fileName/GameViewInputPropertyDrawer.cs: ae2c8a99c5e33d3d1ffc8232415130e8 -> 
  custom:scripting/monoscript/fileName/Camera360Input.cs: dc473b118c57e0734b0cd3476e333c06 -> 
  custom:video-codec-MediaFoundation-h265: 746d11721c4dcdbdad8f713fa42b33f4 -> 
  custom:scripting/monoscript/fileName/RecorderPreferencesSettingsProvider.cs: d92d314b87f7c2170e267636ebf38224 -> 
  custom:scripting/monoscript/fileName/RecorderBindings.cs: ac25db5b587307cfea909607f62e5641 -> 
  custom:video-decoder-ogg-theora: a1e56fd34408186e4bbccfd4996cb3dc -> 
  custom:scripting/monoscript/fileName/GIFWrapper.cs: 6ef8898a12699129e8f81f06a649cad1 -> 
  custom:scripting/monoscript/fileName/SceneHook.cs: 80fa8928b499d44515dd60e0bc895128 -> 
  custom:scripting/monoscript/fileName/AnimationInput.cs: e810137278708a698c5ccddaeb1a1e64 -> 
  custom:scripting/monoscript/fileName/OutputResolutionPropertyDrawer.cs: 0e33ffdf424417a2e685685cfc04d4b1 -> 
  custom:scripting/monoscript/fileName/EnumHelper.cs: 117b5609cc2a1ae41785cd0c8767815f -> 
  custom:scripting/monoscript/fileName/OutputPath.cs: ee51fcffcd8929d224a5e3fb152d5f62 -> 
  custom:scripting/monoscript/fileName/FileNameGeneratorDrawer.cs: a3ea71dec141084df9b7ffa19c11e2cb -> 
  custom:framework-win-MediaFoundation: 216162199b28c13a410421893ffa2e32 -> 
  custom:scripting/monoscript/fileName/RecorderPreferencesWindowGUIScope.cs: 7a2eba6fcb6829ea8b200991a02c9c06 -> 
  custom:scripting/monoscript/fileName/AspectRatio.cs: 18e3efa554f8258b676d4de53e38b642 -> 
  custom:scripting/monoscript/fileName/CameraInputSettings.cs: 6738f6dd994f658d2cbf6f5f3ba05a0e -> 
  custom:scripting/monoscript/fileName/RefHandle.cs: 90647cc400823b41df847a6cbfc29026 -> 
  custom:scripting/monoscript/fileName/CameraCapture.cs: c6dcba1380d9a4fa09f4e36182a45a73 -> 
  custom:scripting/monoscript/fileName/RecorderControllerSettings.cs: 989e0caa64af9b76551d4ff6bd15f598 -> 
  custom:scripting/monoscript/fileName/TargetedPropertyDrawer.cs: 90647cc400823b41df847a6cbfc29026 -> 
  custom:scripting/monoscript/fileName/MovieRecorderSettings.cs: 02a667a67b113b1f65e3fcadcc882513 -> 
  custom:scripting/monoscript/fileName/RenderTextureInputSettings.cs: ebca820667a63031a7597db85d26451a -> 
  custom:scripting/monoscript/fileName/ImageRecorderEditor.cs: d3134ae4c1dfd8e056bace11130b7692 -> 
  custom:scripting/monoscript/fileName/ProResEncoderSettings.cs: 4aca03881946a7fe9acacf199434009e -> 
  custom:scripting/monoscript/fileName/_FrameRequestComponent.cs: b34f171daaafc65da55ea68e2ed89f2b -> 
  custom:scripting/monoscript/fileName/RenderTextureInput.cs: 5dea77837ae3c82bb14643cd82dc06dc -> 
  custom:scripting/monoscript/fileName/RecorderAnalytics.cs: 0fa40093f6ac3fe75e92d746d563e5ee -> 
  custom:scripting/monoscript/fileName/MP4RecorderSettingsEditor.cs: 68a64b16a7961d71fa7286fd1f782e9b -> 
  custom:scripting/monoscript/fileName/RecorderBindingsEditor.cs: f7451a0e1cea6404b2976d2b2c42e273 -> 
  custom:scripting/monoscript/fileName/BaseRenderTextureInput.cs: 5dc13661a5a0dca5d09ca211933a44e2 -> 
  custom:scripting/monoscript/fileName/StatusBarHelper.cs: da04a6ed046f8a62f416d5d3ea415bef -> 
  custom:scripting/precompiled-assembly-types:Unity.Recorder: bd5378c99f6216e06dd6e2c2a60a86a4 -> 
  custom:CustomObjectIndexerAttribute: 72b91833f83ae208fae7752999fa3104 -> 
  custom:scripting/monoscript/fileName/Camera360InputSettings.cs: 3d5eaf1cb3a9df6f9d1d52f3c3018c46 -> 
  custom:scripting/monoscript/fileName/PNGRecorderSettingsEditor.cs: 4970e6657bb34f7efc2c7d8168c7358b -> 
  custom:scripting/monoscript/fileName/ImageHeightSelector.cs: d1a7972bf1d79d90f09ab23c718afe39 -> 
  custom:scripting/monoscript/fileName/AnimationInputSettings.cs: d64a99ebbd13660e9264cb4111ab9832 -> 
  custom:scripting/monoscript/fileName/MP4RecorderSettings.cs: 551f5535c05b86d6ee91684eced14987 -> 
  custom:scripting/monoscript/fileName/RecorderPreferencesSettings.cs: 761b0a55fc5e50239a1d0c4bfc968274 -> 
  custom:container-demuxer-webm: 4f35f7cbe854078d1ac9338744f61a02 -> 
  custom:scripting/monoscript/fileName/RecorderSettingsPrefsEditor.cs: ba9e697f1d269c2c960a41bc543fa408 -> 
  custom:scripting/monoscript/fileName/RecordModePropertyDrawer.cs: 165332db07362bbcab2d8dc6d1e1dfda -> 
  custom:scripting/monoscript/fileName/ProResWrapper.cs: 712515ef615766c98115c6a20d85d6c8 -> 
  custom:scripting/monoscript/fileName/ImageInputSettings.cs: 98a2aedd167d40f01804b04845eeaf15 -> 
  custom:scripting/monoscript/fileName/SerializableObjHelper.cs: f19f181f3f05e8e393225dd7030fb66a -> 
  custom:scripting/monoscript/fileName/InputPropertyDrawer.cs: 90647cc400823b41df847a6cbfc29026 -> 
  custom:scripting/monoscript/fileName/AudioInputSettings.cs: a2c930fca1dd5e27705fbacf39727bb4 -> 
  custom:scripting/monoscript/fileName/InputSettings.cs: 35c56ce5488c6b464726305dcbd33b3d -> 
  custom:scripting/monoscript/fileName/RecorderEditor.cs: 736e59ba52eea987abc47f36a836e575 -> 
  custom:scripting/monoscript/fileName/AudioRecorderSettings.cs: 0b00f2c93558486cc61a06f270f43fea -> 
  custom:scripting/monoscript/fileName/RecordersInventory.cs: fb714c8df18f9b7fc7f3361f604ae3dc -> 
  custom:scripting/monoscript/fileName/BaseFCRecorderSettings.cs: fab928553cedb8703ac192d6cf7b6294 -> 
  custom:scripting/monoscript/fileName/AOVRecorderSettings.cs: cdc731153cd2f1f739300a28ea6a6608 -> 
  custom:scripting/monoscript/fileName/EXRCompressionTypeDrawer.cs: 301cb614ecf84a4dab346c5f76ea2016 -> 
  custom:scripting/monoscript/fileName/AOVRecorder.cs: c53e83f1863b3ea80b6df3885cdb8c82 -> 
  custom:scripting/monoscript/fileName/IEncoderSettings.cs: c7d04fadacf538db841606cc656ae724 -> 
  custom:scripting/monoscript/fileName/ShutterProfileTypePropertyDrawer.cs: 18a32c647eca27716eabcb5a44f00e32 -> 
  custom:scripting/monoscript/fileName/MovieRecorderEditor.cs: eb00ddb8a76b8dfb7c88b7826a49d38b -> 
  custom:scripting/monoscript/fileName/RenderTextureInputSettingsPropertyDrawer.cs: 809602b52454cd1e6229756218a8f453 -> 
  custom:scripting/monoscript/fileName/RecorderPlayableBehaviour.cs: 80165a21f4cd0dda690f708a19d389bd -> 
  custom:scripting/monoscript/fileName/GifEncoderSettingsPropertyDrawer.cs: b36c9a7eaaefccda514b23d7e14761ca -> 
  custom:scripting/monoscript/fileName/PNGRecorder.cs: 08fd40f88cb6b18c96882f263639f57d -> 
  custom:scripting/monoscript/fileName/CameraInputSettingsPropertyDrawer.cs: 91928abf1abf88be098cb088d896aec5 -> 
  custom:scripting/monoscript/fileName/AudioRecorderEditor.cs: 565168dec291afe3fa470657cfc2c123 -> 
  custom:scripting/monoscript/fileName/AOVRecorderEditor.cs: 5ca53ccd6d7645709639507726114395 -> 
  custom:container-muxer-webm: aa71ff27fc2769a1b78a27578f13a17b -> 
  custom:video-decoder-webm-vp8: 9c59270c3fd7afecdb556c50c9e8de78 -> 
  custom:scripting/monoscript/fileName/RecordingSession.cs: f3ad08157c278a036224ca395f350890 -> 
  custom:scripting/monoscript/fileName/GameViewSize.cs: f6128a6515fcafce6db32fcdfa107254 -> 
  custom:scripting/monoscript/fileName/UnityHelpers.cs: b3e077029b574be508585124a9d839ef -> 
  custom:SearchIndexIgnoredProperties: e643bd26f0fe6173181afceb89e7c659 -> 
  custom:scripting/monoscript/fileName/GIFRecorder.cs: c00ece885699fb9084deaccd3eb27518 -> 
  custom:AudioImporter_EditorPlatform: d09bf68614088b80899f8185d706f6e7 -> 
  custom:scripting/monoscript/fileName/EXRRecorder.cs: 3f576ce8ddd959d51a4d7ba1999ecdbb -> 
  custom:scripting/monoscript/fileName/WEBMRecorder.cs: 391b6b920cfbc02401ea522620320c93 -> 
  custom:scripting/monoscript/fileName/RenderTextureSampler.cs: 1a7b9abab9548e1054dc40d6e2fa0270 -> 
  custom:scripting/monoscript/fileName/GifEncoder.cs: 40f336d5c5042a8a04556b4c5804a538 -> 
  custom:scripting/monoscript/fileName/GenericRecorder.cs: 90647cc400823b41df847a6cbfc29026 -> 
  custom:scripting/monoscript/fileName/ImageInputSelector.cs: f55822da877594150873922341be92b6 -> 
  custom:scripting/monoscript/fileName/AnimationRecorderSettingsEditor.cs: db1294bf3d48be44b6e4b2f2cc100b02 -> 
  custom:scripting/monoscript/fileName/RecorderTrack.cs: fac9638ece7eb7daaa1302fa170613fd -> 
  custom:scripting/monoscript/fileName/InputSettingsSelector.cs: 499a4ec92267406782b5c4f3472d53b9 -> 
  custom:scripting/monoscript/fileName/FileNameGenerator.cs: 5c8b6eb5291c3311189e0dfadac99363 -> 
  custom:scripting/monoscript/fileName/RecorderItem.cs: b62d2fcb9547a248575727d8a1646db8 -> 
  custom:scripting/monoscript/fileName/TextureFlipper.cs: 825b503b2ddab9cbd8ebbf3038075092 -> 
  custom:scripting/monoscript/fileName/AccumulationSettings.cs: fb962f0c2333934b681b167574f5e1cd -> 
  custom:scripting/monoscript/fileName/Camera360InputPropertyDrawer.cs: af647a2fe91bec98139246321cac865d -> 
  custom:scripting/monoscript/fileName/RecorderClipEditor.cs: 947ad5ff1f968d7fc40767d187070964 -> 
  custom:scripting/monoscript/fileName/EXRRecorderSettingsEditor.cs: c520a04c5f01331f2c8800e289ef6d6f -> 
  custom:scripting/monoscript/fileName/CoreEncoder.cs: dfaed86e82ad12e6a2b6740a0fb35820 -> 
  custom:scripting/monoscript/fileName/PNGRecorderSettings.cs: 79a421225358808ff14dd88c0355d1b6 -> 
  custom:scripting/monoscript/fileName/AspectRatioPropertyDrawer.cs: 9f18568574138839573389bde3e660a7 -> 
  custom:scripting/monoscript/fileName/ProResEncoder.cs: b375bf2d41e3d89081c3f2d1a0823bf3 -> 
  custom:scripting/monoscript/fileName/CameraInput.cs: bf7e0df3caf9e500f6d1c98c99e165ba -> 
  custom:scripting/monoscript/fileName/RecorderSettings.cs: bc3ef26ac157af28e5460886c0d5ef2e -> 
  custom:scripting/monoscript/fileName/RecorderClipTimelineEditor.cs: 2995d9f50ebc9245c6e9bd75c56415fb -> 
  custom:scripting/monoscript/fileName/EncoderSettingsAttribute.cs: 8352396dc11cff58c65c429fdb4fc67e -> 
  custom:scripting/monoscript/fileName/MP4Recorder.cs: af531c4e1f6d23547da08837eb16b729 -> 
  custom:scripting/monoscript/fileName/EncoderTypeUtilities.cs: a12c4c78a6cd4fb6b93180d59ad77be8 -> 
  custom:scripting/monoscript/fileName/PooledBufferAsyncGPUReadback.cs: 2a4e50c5dda177306c9ec935763c4378 -> 
  custom:scripting/monoscript/fileName/AnimationRecorder.cs: f749a4250195b5467bbf05e3a976b59f -> 
  custom:scripting/precompiled-assembly-types:Unity.Recorder.Base: 3fec19fdf10e3518c41e41a932f2042f -> 
  custom:scripting/monoscript/fileName/AnimationRecorderSettings.cs: 5cfb1544a40f93fe0ea879bb1361c877 -> 
  custom:scripting/monoscript/fileName/RenderTextureSamplerSettings.cs: 68adab84706346f2ecbdfd649ca9cf61 -> 
  custom:scripting/monoscript/fileName/RecordingContext.cs: af9af1e8b283703482ba133924b5585a -> 
  custom:scripting/monoscript/fileName/RecorderSelector.cs: c3cd2caacd181d6eff54dc260c4a1ffb -> 
  custom:video-encoder-webm-vp8: eb34c28f22e8b96e1ab97ce403110664 -> 
  custom:scripting/monoscript/fileName/RecorderInput.cs: 88fd8d8fd71b34ed7298a01f6c2d2e40 -> 
  custom:scripting/monoscript/fileName/RenderTextureSamplerPropertyDrawer.cs: b541817d9cc9b1341d2ddfa8823b718d -> 
  custom:scripting/monoscript/fileName/RecorderSettingsAttribute.cs: ddd228b25da7ba2ac10d13e1efacc875 -> 
  custom:audio-decoder-ogg-vorbis: bf7c407c2cedff20999df2af8eb42d56 -> 
  custom:scripting/monoscript/fileName/OutputPathDrawer.cs: cffc34c1be094e6caeb13ff3b26ca679 -> 
  custom:scripting/monoscript/fileName/EditorVersionsHelper.cs: 3ad9098caeeff0295dba8c0911f5333a -> 
  custom:scripting/monoscript/fileName/SettingAsset.cs: 7c3790954696ae83d71055079b387931 -> 
  custom:scripting/monoscript/fileName/OutputResolution.cs: 31c632d97e9a69bcc2ef10f6feb5bf62 -> 
  custom:scripting/monoscript/fileName/AccumulationSettingsPropertyDrawer.cs: bfc920db0de3c29c2967e88aac1c1027 -> 
  custom:scripting/monoscript/fileName/AnimationInputSettingsPropertyDrawer.cs: ebe1771fecebe7a93badf6354f59c990 -> 
  custom:scripting/monoscript/fileName/CoreEncoderSettings.cs: 2b5db1db3c1fa7de4175a7e143de3ce5 -> 
  custom:scripting/monoscript/fileName/VisualListItem.cs: 90647cc400823b41df847a6cbfc29026 -> 
  custom:scripting/monoscript/fileName/FrameRateProperyDrawer.cs: c478c798f5354f66af45b380be0629f9 -> 
  custom:scripting/monoscript/fileName/InputSettingsSelectorDrawer.cs: bca46dd5b59e2f574c94bef4cdb878fb -> 
  custom:scripting/monoscript/fileName/RecorderWindow.cs: 553a30d64d5ef1dcad6b00b4eeeb3829 -> 
  custom:scripting/monoscript/fileName/AOVCameraInputSettings.cs: 4d2fdf1142ce53d73cb43d39944ba516 -> 
  custom:scripting/monoscript/fileName/EnumProperyDrawer.cs: 90647cc400823b41df847a6cbfc29026 -> 
  custom:scripting/monoscript/fileName/AOVImageInputSelector.cs: b741d8d3a7cbb503c5bdf23d7e6792db -> 
  custom:scripting/monoscript/fileName/CoreEncoderSettingsPropertyDrawer.cs: c8bdf3420d844fd4604c0d0cf3815355 -> 
  custom:scripting/monoscript/fileName/GifEncoderSettings.cs: 812ca6afdf48b830953d76adab9d4030 -> 
  custom:scripting/monoscript/fileName/GIFRecorderSettingsEditor.cs: 4d0f46bcf58d188895fabae5334995ae -> 
  custom:scripting/monoscript/fileName/IEncoder.cs: 007c2ef621b0d92b5a7a6bae91d26090 -> 
  custom:scripting/monoscript/fileName/RecorderOptions.cs: 74782d297e80d8f56c0e05a7cde4e51d -> 
  custom:scripting/precompiled-assembly-types:Unity.Recorder.Editor: cd22b836ef1ca10e7d8c91c9be46b4bf -> 
  custom:scripting/monoscript/fileName/ProResEncoderSettingsPropertyDrawer.cs: 68c25e6d4459336217d4b9e22eb707b4 -> 
  custom:scripting/monoscript/fileName/ImageRecorder.cs: b804c29bfc59a61db184c1d275fe4101 -> 
  custom:scripting/monoscript/fileName/EditableLabel.cs: 4f8fa2c6092744ed6607a411e3f617c0 -> 
  custom:scripting/monoscript/fileName/GameViewInput.cs: 596e7ffa2d11b2002176644af3247ea6 -> 
  custom:audio-encoder-webm-vorbis: bf7c407c2cedff20999df2af8eb42d56 -> 
  custom:scripting/monoscript/fileName/SerializedDictionnary.cs: 90647cc400823b41df847a6cbfc29026 -> 
  custom:scripting/monoscript/fileName/HammersleySequence.cs: b06601f044912976f668045b7d4c79a8 -> 
  custom:scripting/monoscript/fileName/_RecorderComponent.cs: 8c268d1df4e18643d83ea9c6eeba2d9f -> 
  custom:scripting/monoscript/fileName/IAccumulation.cs: 38dee62d444423165276e3254554d005 -> 
  custom:scripting/monoscript/fileName/RecorderController.cs: 5760bd2995080b8d0d9d9e88ab8933c6 -> 
  custom:scripting/monoscript/fileName/EXRRecorderSettings.cs: bf113df492cb5b25e11ec144a73c2f74 -> 
========================================================================
Received Prepare
Caller must complete domain reload
Begin MonoManager ReloadAssembly
- Loaded All Assemblies, in  0.499 seconds
Native extension for WindowsStandalone target not found
Native extension for WebGL target not found
[Package Manager] Server::EnsureServerProcessIsRunning -- launch failed, reason: Unity was launched with the -noUpm command-line argument
[Package Manager] UpmClient::Send -- Unable to send message (not connected to UPM process).
[Package Manager] Cannot connect to Unity Package Manager local server
Mono: successfully reloaded assembly
- Finished resetting the current domain, in  1.462 seconds
Domain Reload Profiling: 1954ms
	BeginReloadAssembly (150ms)
		ExecutionOrderSort (0ms)
		DisableScriptedObjects (4ms)
		BackupInstance (0ms)
		ReleaseScriptingObjects (0ms)
		CreateAndSetChildDomain (27ms)
	RebuildCommonClasses (31ms)
	RebuildNativeTypeToScriptingClass (11ms)
	initialDomainReloadingComplete (33ms)
	LoadAllAssembliesAndSetupDomain (267ms)
		LoadAssemblies (336ms)
		RebuildTransferFunctionScriptingTraits (0ms)
		AnalyzeDomain (15ms)
			TypeCache.Refresh (5ms)
				TypeCache.ScanAssembly (0ms)
			ScanForSourceGeneratedMonoScriptInfo (0ms)
			ResolveRequiredComponents (8ms)
	FinalizeReload (1462ms)
		ReleaseScriptCaches (0ms)
		RebuildScriptCaches (0ms)
		SetupLoadedEditorAssemblies (545ms)
			LogAssemblyErrors (0ms)
			InitializePlatformSupportModulesInManaged (9ms)
			SetLoadedEditorAssemblies (3ms)
			RefreshPlugins (0ms)
			BeforeProcessingInitializeOnLoad (91ms)
			ProcessInitializeOnLoadAttributes (371ms)
			ProcessInitializeOnLoadMethodAttributes (62ms)
			AfterProcessingInitializeOnLoad (9ms)
			EditorAssembliesLoaded (0ms)
		ExecutionOrderSort2 (0ms)
		AwakeInstancesAfterBackupRestoration (7ms)
Refreshing native plugins compatible for Editor in 10.30 ms, found 5 plugins.
Preloading 0 native plugins for Editor in 0.00 ms.
Unloading 3396 Unused Serialized files (Serialized files now loaded: 0)
Unloading 26 unused Assets / (1.0 MB). Loaded Objects now: 4035.
Memory consumption went from 155.1 MB to 154.1 MB.
Total: 3.047300 ms (FindLiveObjects: 0.263400 ms CreateObjectMapping: 0.223900 ms MarkObjects: 2.111900 ms  DeleteObjects: 0.447200 ms)

Prepare: number of updated asset objects reloaded= 0
AssetImportParameters requested are different than current active one (requested -> active):
  custom:scripting/monoscript/fileName/WEBMRecorderSettingsEditor.cs: 5559c87f45d3b65fac8d5ac4ef5e81c8 -> 
  custom:scripting/monoscript/fileName/UIElementHelper.cs: 9f9438adfe3361012ea6280d4cdb2df4 -> 
  custom:scripting/monoscript/fileName/AOVCameraInput.cs: c23c8ce885672bc57e25263b3efd067a -> 
  custom:scripting/monoscript/fileName/BaseTextureRecorder.cs: 90647cc400823b41df847a6cbfc29026 -> 
  custom:scripting/monoscript/fileName/Recorder.cs: a7e319d512627774f8215ba0b76f0bcb -> 
  custom:scripting/monoscript/fileName/AudioRecorder.cs: 89550121570f22445b4a1b28daea3cf9 -> 
  custom:scripting/monoscript/fileName/PanelSplitter.cs: 5ff6c6e385b6b12ca322a9c92ac6f371 -> 
  custom:scripting/monoscript/fileName/ImageRecorderSettings.cs: a7ab05fac9382c03607c40fe73956ed6 -> 
  custom:scripting/monoscript/fileName/RecorderClip.cs: 897017f45cb3c30f306724d1fa17a8fe -> 
  custom:scripting/monoscript/fileName/GIFRecorderSettings.cs: 979f88ae1e7731daed242ab2fdebbc0e -> 
  custom:container-demuxer-ogg: 62fdf1f143b41e24485cea50d1cbac27 -> 
  custom:scripting/monoscript/fileName/MovieRecorder.cs: 024785cf83e1399f425b2aa115d22e2b -> 
  custom:scripting/monoscript/fileName/RecorderControllerSettingsPresetEditor.cs: 49aed206ae65ed5ac6b420f7104cd52d -> 
  custom:scripting/monoscript/fileName/AudioInput.cs: 499e96d8f0b35d362bd956c0975bb873 -> 
  custom:scripting/monoscript/fileName/WEBMRecorderSettings.cs: c176c43abbe456aeea55c2aef862801b -> 
  custom:scripting/monoscript/fileName/RecorderControllerSettingsPreset.cs: 78b391c1384ac60213ef58d50e78d553 -> 
  custom:scripting/monoscript/fileName/GameViewInputSettings.cs: a7ae22123f532f5bbcb39c654c998b57 -> 
  custom:scripting/monoscript/fileName/GameViewInputPropertyDrawer.cs: ae2c8a99c5e33d3d1ffc8232415130e8 -> 
  custom:scripting/monoscript/fileName/Camera360Input.cs: dc473b118c57e0734b0cd3476e333c06 -> 
  custom:video-codec-MediaFoundation-h265: 746d11721c4dcdbdad8f713fa42b33f4 -> 
  custom:scripting/monoscript/fileName/RecorderPreferencesSettingsProvider.cs: d92d314b87f7c2170e267636ebf38224 -> 
  custom:scripting/monoscript/fileName/RecorderBindings.cs: ac25db5b587307cfea909607f62e5641 -> 
  custom:video-decoder-ogg-theora: a1e56fd34408186e4bbccfd4996cb3dc -> 
  custom:scripting/monoscript/fileName/GIFWrapper.cs: 6ef8898a12699129e8f81f06a649cad1 -> 
  custom:scripting/monoscript/fileName/SceneHook.cs: 80fa8928b499d44515dd60e0bc895128 -> 
  custom:scripting/monoscript/fileName/AnimationInput.cs: e810137278708a698c5ccddaeb1a1e64 -> 
  custom:scripting/monoscript/fileName/OutputResolutionPropertyDrawer.cs: 0e33ffdf424417a2e685685cfc04d4b1 -> 
  custom:scripting/monoscript/fileName/EnumHelper.cs: 117b5609cc2a1ae41785cd0c8767815f -> 
  custom:scripting/monoscript/fileName/OutputPath.cs: ee51fcffcd8929d224a5e3fb152d5f62 -> 
  custom:scripting/monoscript/fileName/FileNameGeneratorDrawer.cs: a3ea71dec141084df9b7ffa19c11e2cb -> 
  custom:framework-win-MediaFoundation: 216162199b28c13a410421893ffa2e32 -> 
  custom:scripting/monoscript/fileName/RecorderPreferencesWindowGUIScope.cs: 7a2eba6fcb6829ea8b200991a02c9c06 -> 
  custom:scripting/monoscript/fileName/AspectRatio.cs: 18e3efa554f8258b676d4de53e38b642 -> 
  custom:scripting/monoscript/fileName/CameraInputSettings.cs: 6738f6dd994f658d2cbf6f5f3ba05a0e -> 
  custom:scripting/monoscript/fileName/RefHandle.cs: 90647cc400823b41df847a6cbfc29026 -> 
  custom:scripting/monoscript/fileName/CameraCapture.cs: c6dcba1380d9a4fa09f4e36182a45a73 -> 
  custom:scripting/monoscript/fileName/RecorderControllerSettings.cs: 989e0caa64af9b76551d4ff6bd15f598 -> 
  custom:scripting/monoscript/fileName/TargetedPropertyDrawer.cs: 90647cc400823b41df847a6cbfc29026 -> 
  custom:scripting/monoscript/fileName/MovieRecorderSettings.cs: 02a667a67b113b1f65e3fcadcc882513 -> 
  custom:scripting/monoscript/fileName/RenderTextureInputSettings.cs: ebca820667a63031a7597db85d26451a -> 
  custom:scripting/monoscript/fileName/ImageRecorderEditor.cs: d3134ae4c1dfd8e056bace11130b7692 -> 
  custom:scripting/monoscript/fileName/ProResEncoderSettings.cs: 4aca03881946a7fe9acacf199434009e -> 
  custom:scripting/monoscript/fileName/_FrameRequestComponent.cs: b34f171daaafc65da55ea68e2ed89f2b -> 
  custom:scripting/monoscript/fileName/RenderTextureInput.cs: 5dea77837ae3c82bb14643cd82dc06dc -> 
  custom:scripting/monoscript/fileName/RecorderAnalytics.cs: 0fa40093f6ac3fe75e92d746d563e5ee -> 
  custom:scripting/monoscript/fileName/MP4RecorderSettingsEditor.cs: 68a64b16a7961d71fa7286fd1f782e9b -> 
  custom:scripting/monoscript/fileName/RecorderBindingsEditor.cs: f7451a0e1cea6404b2976d2b2c42e273 -> 
  custom:scripting/monoscript/fileName/BaseRenderTextureInput.cs: 5dc13661a5a0dca5d09ca211933a44e2 -> 
  custom:scripting/monoscript/fileName/StatusBarHelper.cs: da04a6ed046f8a62f416d5d3ea415bef -> 
  custom:scripting/precompiled-assembly-types:Unity.Recorder: bd5378c99f6216e06dd6e2c2a60a86a4 -> 
  custom:CustomObjectIndexerAttribute: 72b91833f83ae208fae7752999fa3104 -> 
  custom:scripting/monoscript/fileName/Camera360InputSettings.cs: 3d5eaf1cb3a9df6f9d1d52f3c3018c46 -> 
  custom:scripting/monoscript/fileName/PNGRecorderSettingsEditor.cs: 4970e6657bb34f7efc2c7d8168c7358b -> 
  custom:scripting/monoscript/fileName/ImageHeightSelector.cs: d1a7972bf1d79d90f09ab23c718afe39 -> 
  custom:scripting/monoscript/fileName/AnimationInputSettings.cs: d64a99ebbd13660e9264cb4111ab9832 -> 
  custom:scripting/monoscript/fileName/MP4RecorderSettings.cs: 551f5535c05b86d6ee91684eced14987 -> 
  custom:scripting/monoscript/fileName/RecorderPreferencesSettings.cs: 761b0a55fc5e50239a1d0c4bfc968274 -> 
  custom:container-demuxer-webm: 4f35f7cbe854078d1ac9338744f61a02 -> 
  custom:scripting/monoscript/fileName/RecorderSettingsPrefsEditor.cs: ba9e697f1d269c2c960a41bc543fa408 -> 
  custom:scripting/monoscript/fileName/RecordModePropertyDrawer.cs: 165332db07362bbcab2d8dc6d1e1dfda -> 
  custom:scripting/monoscript/fileName/ProResWrapper.cs: 712515ef615766c98115c6a20d85d6c8 -> 
  custom:scripting/monoscript/fileName/ImageInputSettings.cs: 98a2aedd167d40f01804b04845eeaf15 -> 
  custom:scripting/monoscript/fileName/SerializableObjHelper.cs: f19f181f3f05e8e393225dd7030fb66a -> 
  custom:scripting/monoscript/fileName/InputPropertyDrawer.cs: 90647cc400823b41df847a6cbfc29026 -> 
  custom:scripting/monoscript/fileName/AudioInputSettings.cs: a2c930fca1dd5e27705fbacf39727bb4 -> 
  custom:scripting/monoscript/fileName/InputSettings.cs: 35c56ce5488c6b464726305dcbd33b3d -> 
  custom:scripting/monoscript/fileName/RecorderEditor.cs: 736e59ba52eea987abc47f36a836e575 -> 
  custom:scripting/monoscript/fileName/AudioRecorderSettings.cs: 0b00f2c93558486cc61a06f270f43fea -> 
  custom:scripting/monoscript/fileName/RecordersInventory.cs: fb714c8df18f9b7fc7f3361f604ae3dc -> 
  custom:scripting/monoscript/fileName/BaseFCRecorderSettings.cs: fab928553cedb8703ac192d6cf7b6294 -> 
  custom:scripting/monoscript/fileName/AOVRecorderSettings.cs: cdc731153cd2f1f739300a28ea6a6608 -> 
  custom:scripting/monoscript/fileName/EXRCompressionTypeDrawer.cs: 301cb614ecf84a4dab346c5f76ea2016 -> 
  custom:scripting/monoscript/fileName/AOVRecorder.cs: c53e83f1863b3ea80b6df3885cdb8c82 -> 
  custom:scripting/monoscript/fileName/IEncoderSettings.cs: c7d04fadacf538db841606cc656ae724 -> 
  custom:scripting/monoscript/fileName/ShutterProfileTypePropertyDrawer.cs: 18a32c647eca27716eabcb5a44f00e32 -> 
  custom:scripting/monoscript/fileName/MovieRecorderEditor.cs: eb00ddb8a76b8dfb7c88b7826a49d38b -> 
  custom:scripting/monoscript/fileName/RenderTextureInputSettingsPropertyDrawer.cs: 809602b52454cd1e6229756218a8f453 -> 
  custom:scripting/monoscript/fileName/RecorderPlayableBehaviour.cs: 80165a21f4cd0dda690f708a19d389bd -> 
  custom:scripting/monoscript/fileName/GifEncoderSettingsPropertyDrawer.cs: b36c9a7eaaefccda514b23d7e14761ca -> 
  custom:scripting/monoscript/fileName/PNGRecorder.cs: 08fd40f88cb6b18c96882f263639f57d -> 
  custom:scripting/monoscript/fileName/CameraInputSettingsPropertyDrawer.cs: 91928abf1abf88be098cb088d896aec5 -> 
  custom:scripting/monoscript/fileName/AudioRecorderEditor.cs: 565168dec291afe3fa470657cfc2c123 -> 
  custom:scripting/monoscript/fileName/AOVRecorderEditor.cs: 5ca53ccd6d7645709639507726114395 -> 
  custom:container-muxer-webm: aa71ff27fc2769a1b78a27578f13a17b -> 
  custom:video-decoder-webm-vp8: 9c59270c3fd7afecdb556c50c9e8de78 -> 
  custom:scripting/monoscript/fileName/RecordingSession.cs: f3ad08157c278a036224ca395f350890 -> 
  custom:scripting/monoscript/fileName/GameViewSize.cs: f6128a6515fcafce6db32fcdfa107254 -> 
  custom:scripting/monoscript/fileName/UnityHelpers.cs: b3e077029b574be508585124a9d839ef -> 
  custom:SearchIndexIgnoredProperties: e643bd26f0fe6173181afceb89e7c659 -> 
  custom:scripting/monoscript/fileName/GIFRecorder.cs: c00ece885699fb9084deaccd3eb27518 -> 
  custom:AudioImporter_EditorPlatform: d09bf68614088b80899f8185d706f6e7 -> 
  custom:scripting/monoscript/fileName/EXRRecorder.cs: 3f576ce8ddd959d51a4d7ba1999ecdbb -> 
  custom:scripting/monoscript/fileName/WEBMRecorder.cs: 391b6b920cfbc02401ea522620320c93 -> 
  custom:scripting/monoscript/fileName/RenderTextureSampler.cs: 1a7b9abab9548e1054dc40d6e2fa0270 -> 
  custom:scripting/monoscript/fileName/GifEncoder.cs: 40f336d5c5042a8a04556b4c5804a538 -> 
  custom:scripting/monoscript/fileName/GenericRecorder.cs: 90647cc400823b41df847a6cbfc29026 -> 
  custom:scripting/monoscript/fileName/ImageInputSelector.cs: f55822da877594150873922341be92b6 -> 
  custom:scripting/monoscript/fileName/AnimationRecorderSettingsEditor.cs: db1294bf3d48be44b6e4b2f2cc100b02 -> 
  custom:scripting/monoscript/fileName/RecorderTrack.cs: fac9638ece7eb7daaa1302fa170613fd -> 
  custom:scripting/monoscript/fileName/InputSettingsSelector.cs: 499a4ec92267406782b5c4f3472d53b9 -> 
  custom:scripting/monoscript/fileName/FileNameGenerator.cs: 5c8b6eb5291c3311189e0dfadac99363 -> 
  custom:scripting/monoscript/fileName/RecorderItem.cs: b62d2fcb9547a248575727d8a1646db8 -> 
  custom:scripting/monoscript/fileName/TextureFlipper.cs: 825b503b2ddab9cbd8ebbf3038075092 -> 
  custom:scripting/monoscript/fileName/AccumulationSettings.cs: fb962f0c2333934b681b167574f5e1cd -> 
  custom:scripting/monoscript/fileName/Camera360InputPropertyDrawer.cs: af647a2fe91bec98139246321cac865d -> 
  custom:scripting/monoscript/fileName/RecorderClipEditor.cs: 947ad5ff1f968d7fc40767d187070964 -> 
  custom:scripting/monoscript/fileName/EXRRecorderSettingsEditor.cs: c520a04c5f01331f2c8800e289ef6d6f -> 
  custom:scripting/monoscript/fileName/CoreEncoder.cs: dfaed86e82ad12e6a2b6740a0fb35820 -> 
  custom:scripting/monoscript/fileName/PNGRecorderSettings.cs: 79a421225358808ff14dd88c0355d1b6 -> 
  custom:scripting/monoscript/fileName/AspectRatioPropertyDrawer.cs: 9f18568574138839573389bde3e660a7 -> 
  custom:scripting/monoscript/fileName/ProResEncoder.cs: b375bf2d41e3d89081c3f2d1a0823bf3 -> 
  custom:scripting/monoscript/fileName/CameraInput.cs: bf7e0df3caf9e500f6d1c98c99e165ba -> 
  custom:scripting/monoscript/fileName/RecorderSettings.cs: bc3ef26ac157af28e5460886c0d5ef2e -> 
  custom:scripting/monoscript/fileName/RecorderClipTimelineEditor.cs: 2995d9f50ebc9245c6e9bd75c56415fb -> 
  custom:scripting/monoscript/fileName/EncoderSettingsAttribute.cs: 8352396dc11cff58c65c429fdb4fc67e -> 
  custom:scripting/monoscript/fileName/MP4Recorder.cs: af531c4e1f6d23547da08837eb16b729 -> 
  custom:scripting/monoscript/fileName/EncoderTypeUtilities.cs: a12c4c78a6cd4fb6b93180d59ad77be8 -> 
  custom:scripting/monoscript/fileName/PooledBufferAsyncGPUReadback.cs: 2a4e50c5dda177306c9ec935763c4378 -> 
  custom:scripting/monoscript/fileName/AnimationRecorder.cs: f749a4250195b5467bbf05e3a976b59f -> 
  custom:scripting/precompiled-assembly-types:Unity.Recorder.Base: 3fec19fdf10e3518c41e41a932f2042f -> 
  custom:scripting/monoscript/fileName/AnimationRecorderSettings.cs: 5cfb1544a40f93fe0ea879bb1361c877 -> 
  custom:scripting/monoscript/fileName/RenderTextureSamplerSettings.cs: 68adab84706346f2ecbdfd649ca9cf61 -> 
  custom:scripting/monoscript/fileName/RecordingContext.cs: af9af1e8b283703482ba133924b5585a -> 
  custom:scripting/monoscript/fileName/RecorderSelector.cs: c3cd2caacd181d6eff54dc260c4a1ffb -> 
  custom:video-encoder-webm-vp8: eb34c28f22e8b96e1ab97ce403110664 -> 
  custom:scripting/monoscript/fileName/RecorderInput.cs: 88fd8d8fd71b34ed7298a01f6c2d2e40 -> 
  custom:scripting/monoscript/fileName/RenderTextureSamplerPropertyDrawer.cs: b541817d9cc9b1341d2ddfa8823b718d -> 
  custom:scripting/monoscript/fileName/RecorderSettingsAttribute.cs: ddd228b25da7ba2ac10d13e1efacc875 -> 
  custom:audio-decoder-ogg-vorbis: bf7c407c2cedff20999df2af8eb42d56 -> 
  custom:scripting/monoscript/fileName/OutputPathDrawer.cs: cffc34c1be094e6caeb13ff3b26ca679 -> 
  custom:scripting/monoscript/fileName/EditorVersionsHelper.cs: 3ad9098caeeff0295dba8c0911f5333a -> 
  custom:scripting/monoscript/fileName/SettingAsset.cs: 7c3790954696ae83d71055079b387931 -> 
  custom:scripting/monoscript/fileName/OutputResolution.cs: 31c632d97e9a69bcc2ef10f6feb5bf62 -> 
  custom:scripting/monoscript/fileName/AccumulationSettingsPropertyDrawer.cs: bfc920db0de3c29c2967e88aac1c1027 -> 
  custom:scripting/monoscript/fileName/AnimationInputSettingsPropertyDrawer.cs: ebe1771fecebe7a93badf6354f59c990 -> 
  custom:scripting/monoscript/fileName/CoreEncoderSettings.cs: 2b5db1db3c1fa7de4175a7e143de3ce5 -> 
  custom:scripting/monoscript/fileName/VisualListItem.cs: 90647cc400823b41df847a6cbfc29026 -> 
  custom:scripting/monoscript/fileName/FrameRateProperyDrawer.cs: c478c798f5354f66af45b380be0629f9 -> 
  custom:scripting/monoscript/fileName/InputSettingsSelectorDrawer.cs: bca46dd5b59e2f574c94bef4cdb878fb -> 
  custom:scripting/monoscript/fileName/RecorderWindow.cs: 553a30d64d5ef1dcad6b00b4eeeb3829 -> 
  custom:scripting/monoscript/fileName/AOVCameraInputSettings.cs: 4d2fdf1142ce53d73cb43d39944ba516 -> 
  custom:scripting/monoscript/fileName/EnumProperyDrawer.cs: 90647cc400823b41df847a6cbfc29026 -> 
  custom:scripting/monoscript/fileName/AOVImageInputSelector.cs: b741d8d3a7cbb503c5bdf23d7e6792db -> 
  custom:scripting/monoscript/fileName/CoreEncoderSettingsPropertyDrawer.cs: c8bdf3420d844fd4604c0d0cf3815355 -> 
  custom:scripting/monoscript/fileName/GifEncoderSettings.cs: 812ca6afdf48b830953d76adab9d4030 -> 
  custom:scripting/monoscript/fileName/GIFRecorderSettingsEditor.cs: 4d0f46bcf58d188895fabae5334995ae -> 
  custom:scripting/monoscript/fileName/IEncoder.cs: 007c2ef621b0d92b5a7a6bae91d26090 -> 
  custom:scripting/monoscript/fileName/RecorderOptions.cs: 74782d297e80d8f56c0e05a7cde4e51d -> 
  custom:scripting/precompiled-assembly-types:Unity.Recorder.Editor: cd22b836ef1ca10e7d8c91c9be46b4bf -> 
  custom:scripting/monoscript/fileName/ProResEncoderSettingsPropertyDrawer.cs: 68c25e6d4459336217d4b9e22eb707b4 -> 
  custom:scripting/monoscript/fileName/ImageRecorder.cs: b804c29bfc59a61db184c1d275fe4101 -> 
  custom:scripting/monoscript/fileName/EditableLabel.cs: 4f8fa2c6092744ed6607a411e3f617c0 -> 
  custom:scripting/monoscript/fileName/GameViewInput.cs: 596e7ffa2d11b2002176644af3247ea6 -> 
  custom:audio-encoder-webm-vorbis: bf7c407c2cedff20999df2af8eb42d56 -> 
  custom:scripting/monoscript/fileName/SerializedDictionnary.cs: 90647cc400823b41df847a6cbfc29026 -> 
  custom:scripting/monoscript/fileName/HammersleySequence.cs: b06601f044912976f668045b7d4c79a8 -> 
  custom:scripting/monoscript/fileName/_RecorderComponent.cs: 8c268d1df4e18643d83ea9c6eeba2d9f -> 
  custom:scripting/monoscript/fileName/IAccumulation.cs: 38dee62d444423165276e3254554d005 -> 
  custom:scripting/monoscript/fileName/RecorderController.cs: 5760bd2995080b8d0d9d9e88ab8933c6 -> 
  custom:scripting/monoscript/fileName/EXRRecorderSettings.cs: bf113df492cb5b25e11ec144a73c2f74 -> 
========================================================================
Received Prepare
Caller must complete domain reload
Begin MonoManager ReloadAssembly
- Loaded All Assemblies, in  0.514 seconds
Native extension for WindowsStandalone target not found
Native extension for WebGL target not found
[Package Manager] Server::EnsureServerProcessIsRunning -- launch failed, reason: Unity was launched with the -noUpm command-line argument
[Package Manager] UpmClient::Send -- Unable to send message (not connected to UPM process).
[Package Manager] Cannot connect to Unity Package Manager local server
Mono: successfully reloaded assembly
- Finished resetting the current domain, in  1.656 seconds
Domain Reload Profiling: 2162ms
	BeginReloadAssembly (157ms)
		ExecutionOrderSort (0ms)
		DisableScriptedObjects (5ms)
		BackupInstance (0ms)
		ReleaseScriptingObjects (0ms)
		CreateAndSetChildDomain (28ms)
	RebuildCommonClasses (33ms)
	RebuildNativeTypeToScriptingClass (11ms)
	initialDomainReloadingComplete (34ms)
	LoadAllAssembliesAndSetupDomain (271ms)
		LoadAssemblies (346ms)
		RebuildTransferFunctionScriptingTraits (0ms)
		AnalyzeDomain (14ms)
			TypeCache.Refresh (5ms)
				TypeCache.ScanAssembly (0ms)
			ScanForSourceGeneratedMonoScriptInfo (0ms)
			ResolveRequiredComponents (8ms)
	FinalizeReload (1657ms)
		ReleaseScriptCaches (0ms)
		RebuildScriptCaches (0ms)
		SetupLoadedEditorAssemblies (676ms)
			LogAssemblyErrors (0ms)
			InitializePlatformSupportModulesInManaged (10ms)
			SetLoadedEditorAssemblies (5ms)
			RefreshPlugins (0ms)
			BeforeProcessingInitializeOnLoad (109ms)
			ProcessInitializeOnLoadAttributes (470ms)
			ProcessInitializeOnLoadMethodAttributes (71ms)
			AfterProcessingInitializeOnLoad (10ms)
			EditorAssembliesLoaded (0ms)
		ExecutionOrderSort2 (0ms)
		AwakeInstancesAfterBackupRestoration (8ms)
Refreshing native plugins compatible for Editor in 10.73 ms, found 5 plugins.
Preloading 0 native plugins for Editor in 0.00 ms.
Unloading 3396 Unused Serialized files (Serialized files now loaded: 0)
Unloading 26 unused Assets / (1.0 MB). Loaded Objects now: 4038.
Memory consumption went from 155.1 MB to 154.1 MB.
Total: 3.340100 ms (FindLiveObjects: 0.260200 ms CreateObjectMapping: 0.222000 ms MarkObjects: 2.298000 ms  DeleteObjects: 0.559000 ms)

Prepare: number of updated asset objects reloaded= 0
AssetImportParameters requested are different than current active one (requested -> active):
  custom:scripting/monoscript/fileName/WEBMRecorderSettingsEditor.cs: 5559c87f45d3b65fac8d5ac4ef5e81c8 -> 
  custom:scripting/monoscript/fileName/UIElementHelper.cs: 9f9438adfe3361012ea6280d4cdb2df4 -> 
  custom:scripting/monoscript/fileName/AOVCameraInput.cs: c23c8ce885672bc57e25263b3efd067a -> 
  custom:scripting/monoscript/fileName/BaseTextureRecorder.cs: 90647cc400823b41df847a6cbfc29026 -> 
  custom:scripting/monoscript/fileName/Recorder.cs: a7e319d512627774f8215ba0b76f0bcb -> 
  custom:scripting/monoscript/fileName/AudioRecorder.cs: 89550121570f22445b4a1b28daea3cf9 -> 
  custom:scripting/monoscript/fileName/PanelSplitter.cs: 5ff6c6e385b6b12ca322a9c92ac6f371 -> 
  custom:scripting/monoscript/fileName/ImageRecorderSettings.cs: a7ab05fac9382c03607c40fe73956ed6 -> 
  custom:scripting/monoscript/fileName/RecorderClip.cs: 897017f45cb3c30f306724d1fa17a8fe -> 
  custom:scripting/monoscript/fileName/GIFRecorderSettings.cs: 979f88ae1e7731daed242ab2fdebbc0e -> 
  custom:container-demuxer-ogg: 62fdf1f143b41e24485cea50d1cbac27 -> 
  custom:scripting/monoscript/fileName/MovieRecorder.cs: 024785cf83e1399f425b2aa115d22e2b -> 
  custom:scripting/monoscript/fileName/RecorderControllerSettingsPresetEditor.cs: 49aed206ae65ed5ac6b420f7104cd52d -> 
  custom:scripting/monoscript/fileName/AudioInput.cs: 499e96d8f0b35d362bd956c0975bb873 -> 
  custom:scripting/monoscript/fileName/WEBMRecorderSettings.cs: c176c43abbe456aeea55c2aef862801b -> 
  custom:scripting/monoscript/fileName/RecorderControllerSettingsPreset.cs: 78b391c1384ac60213ef58d50e78d553 -> 
  custom:scripting/monoscript/fileName/GameViewInputSettings.cs: a7ae22123f532f5bbcb39c654c998b57 -> 
  custom:scripting/monoscript/fileName/GameViewInputPropertyDrawer.cs: ae2c8a99c5e33d3d1ffc8232415130e8 -> 
  custom:scripting/monoscript/fileName/Camera360Input.cs: dc473b118c57e0734b0cd3476e333c06 -> 
  custom:video-codec-MediaFoundation-h265: 746d11721c4dcdbdad8f713fa42b33f4 -> 
  custom:scripting/monoscript/fileName/RecorderPreferencesSettingsProvider.cs: d92d314b87f7c2170e267636ebf38224 -> 
  custom:scripting/monoscript/fileName/RecorderBindings.cs: ac25db5b587307cfea909607f62e5641 -> 
  custom:video-decoder-ogg-theora: a1e56fd34408186e4bbccfd4996cb3dc -> 
  custom:scripting/monoscript/fileName/GIFWrapper.cs: 6ef8898a12699129e8f81f06a649cad1 -> 
  custom:scripting/monoscript/fileName/SceneHook.cs: 80fa8928b499d44515dd60e0bc895128 -> 
  custom:scripting/monoscript/fileName/AnimationInput.cs: e810137278708a698c5ccddaeb1a1e64 -> 
  custom:scripting/monoscript/fileName/OutputResolutionPropertyDrawer.cs: 0e33ffdf424417a2e685685cfc04d4b1 -> 
  custom:scripting/monoscript/fileName/EnumHelper.cs: 117b5609cc2a1ae41785cd0c8767815f -> 
  custom:scripting/monoscript/fileName/OutputPath.cs: ee51fcffcd8929d224a5e3fb152d5f62 -> 
  custom:scripting/monoscript/fileName/FileNameGeneratorDrawer.cs: a3ea71dec141084df9b7ffa19c11e2cb -> 
  custom:framework-win-MediaFoundation: 216162199b28c13a410421893ffa2e32 -> 
  custom:scripting/monoscript/fileName/RecorderPreferencesWindowGUIScope.cs: 7a2eba6fcb6829ea8b200991a02c9c06 -> 
  custom:scripting/monoscript/fileName/AspectRatio.cs: 18e3efa554f8258b676d4de53e38b642 -> 
  custom:scripting/monoscript/fileName/CameraInputSettings.cs: 6738f6dd994f658d2cbf6f5f3ba05a0e -> 
  custom:scripting/monoscript/fileName/RefHandle.cs: 90647cc400823b41df847a6cbfc29026 -> 
  custom:scripting/monoscript/fileName/CameraCapture.cs: c6dcba1380d9a4fa09f4e36182a45a73 -> 
  custom:scripting/monoscript/fileName/RecorderControllerSettings.cs: 989e0caa64af9b76551d4ff6bd15f598 -> 
  custom:scripting/monoscript/fileName/TargetedPropertyDrawer.cs: 90647cc400823b41df847a6cbfc29026 -> 
  custom:scripting/monoscript/fileName/MovieRecorderSettings.cs: 02a667a67b113b1f65e3fcadcc882513 -> 
  custom:scripting/monoscript/fileName/RenderTextureInputSettings.cs: ebca820667a63031a7597db85d26451a -> 
  custom:scripting/monoscript/fileName/ImageRecorderEditor.cs: d3134ae4c1dfd8e056bace11130b7692 -> 
  custom:scripting/monoscript/fileName/ProResEncoderSettings.cs: 4aca03881946a7fe9acacf199434009e -> 
  custom:scripting/monoscript/fileName/_FrameRequestComponent.cs: b34f171daaafc65da55ea68e2ed89f2b -> 
  custom:scripting/monoscript/fileName/RenderTextureInput.cs: 5dea77837ae3c82bb14643cd82dc06dc -> 
  custom:scripting/monoscript/fileName/RecorderAnalytics.cs: 0fa40093f6ac3fe75e92d746d563e5ee -> 
  custom:scripting/monoscript/fileName/MP4RecorderSettingsEditor.cs: 68a64b16a7961d71fa7286fd1f782e9b -> 
  custom:scripting/monoscript/fileName/RecorderBindingsEditor.cs: f7451a0e1cea6404b2976d2b2c42e273 -> 
  custom:scripting/monoscript/fileName/BaseRenderTextureInput.cs: 5dc13661a5a0dca5d09ca211933a44e2 -> 
  custom:scripting/monoscript/fileName/StatusBarHelper.cs: da04a6ed046f8a62f416d5d3ea415bef -> 
  custom:scripting/precompiled-assembly-types:Unity.Recorder: bd5378c99f6216e06dd6e2c2a60a86a4 -> 
  custom:CustomObjectIndexerAttribute: 72b91833f83ae208fae7752999fa3104 -> 
  custom:scripting/monoscript/fileName/Camera360InputSettings.cs: 3d5eaf1cb3a9df6f9d1d52f3c3018c46 -> 
  custom:scripting/monoscript/fileName/PNGRecorderSettingsEditor.cs: 4970e6657bb34f7efc2c7d8168c7358b -> 
  custom:scripting/monoscript/fileName/ImageHeightSelector.cs: d1a7972bf1d79d90f09ab23c718afe39 -> 
  custom:scripting/monoscript/fileName/AnimationInputSettings.cs: d64a99ebbd13660e9264cb4111ab9832 -> 
  custom:scripting/monoscript/fileName/MP4RecorderSettings.cs: 551f5535c05b86d6ee91684eced14987 -> 
  custom:scripting/monoscript/fileName/RecorderPreferencesSettings.cs: 761b0a55fc5e50239a1d0c4bfc968274 -> 
  custom:container-demuxer-webm: 4f35f7cbe854078d1ac9338744f61a02 -> 
  custom:scripting/monoscript/fileName/RecorderSettingsPrefsEditor.cs: ba9e697f1d269c2c960a41bc543fa408 -> 
  custom:scripting/monoscript/fileName/RecordModePropertyDrawer.cs: 165332db07362bbcab2d8dc6d1e1dfda -> 
  custom:scripting/monoscript/fileName/ProResWrapper.cs: 712515ef615766c98115c6a20d85d6c8 -> 
  custom:scripting/monoscript/fileName/ImageInputSettings.cs: 98a2aedd167d40f01804b04845eeaf15 -> 
  custom:scripting/monoscript/fileName/SerializableObjHelper.cs: f19f181f3f05e8e393225dd7030fb66a -> 
  custom:scripting/monoscript/fileName/InputPropertyDrawer.cs: 90647cc400823b41df847a6cbfc29026 -> 
  custom:scripting/monoscript/fileName/AudioInputSettings.cs: a2c930fca1dd5e27705fbacf39727bb4 -> 
  custom:scripting/monoscript/fileName/InputSettings.cs: 35c56ce5488c6b464726305dcbd33b3d -> 
  custom:scripting/monoscript/fileName/RecorderEditor.cs: 736e59ba52eea987abc47f36a836e575 -> 
  custom:scripting/monoscript/fileName/AudioRecorderSettings.cs: 0b00f2c93558486cc61a06f270f43fea -> 
  custom:scripting/monoscript/fileName/RecordersInventory.cs: fb714c8df18f9b7fc7f3361f604ae3dc -> 
  custom:scripting/monoscript/fileName/BaseFCRecorderSettings.cs: fab928553cedb8703ac192d6cf7b6294 -> 
  custom:scripting/monoscript/fileName/AOVRecorderSettings.cs: cdc731153cd2f1f739300a28ea6a6608 -> 
  custom:scripting/monoscript/fileName/EXRCompressionTypeDrawer.cs: 301cb614ecf84a4dab346c5f76ea2016 -> 
  custom:scripting/monoscript/fileName/AOVRecorder.cs: c53e83f1863b3ea80b6df3885cdb8c82 -> 
  custom:scripting/monoscript/fileName/IEncoderSettings.cs: c7d04fadacf538db841606cc656ae724 -> 
  custom:scripting/monoscript/fileName/ShutterProfileTypePropertyDrawer.cs: 18a32c647eca27716eabcb5a44f00e32 -> 
  custom:scripting/monoscript/fileName/MovieRecorderEditor.cs: eb00ddb8a76b8dfb7c88b7826a49d38b -> 
  custom:scripting/monoscript/fileName/RenderTextureInputSettingsPropertyDrawer.cs: 809602b52454cd1e6229756218a8f453 -> 
  custom:scripting/monoscript/fileName/RecorderPlayableBehaviour.cs: 80165a21f4cd0dda690f708a19d389bd -> 
  custom:scripting/monoscript/fileName/GifEncoderSettingsPropertyDrawer.cs: b36c9a7eaaefccda514b23d7e14761ca -> 
  custom:scripting/monoscript/fileName/PNGRecorder.cs: 08fd40f88cb6b18c96882f263639f57d -> 
  custom:scripting/monoscript/fileName/CameraInputSettingsPropertyDrawer.cs: 91928abf1abf88be098cb088d896aec5 -> 
  custom:scripting/monoscript/fileName/AudioRecorderEditor.cs: 565168dec291afe3fa470657cfc2c123 -> 
  custom:scripting/monoscript/fileName/AOVRecorderEditor.cs: 5ca53ccd6d7645709639507726114395 -> 
  custom:container-muxer-webm: aa71ff27fc2769a1b78a27578f13a17b -> 
  custom:video-decoder-webm-vp8: 9c59270c3fd7afecdb556c50c9e8de78 -> 
  custom:scripting/monoscript/fileName/RecordingSession.cs: f3ad08157c278a036224ca395f350890 -> 
  custom:scripting/monoscript/fileName/GameViewSize.cs: f6128a6515fcafce6db32fcdfa107254 -> 
  custom:scripting/monoscript/fileName/UnityHelpers.cs: b3e077029b574be508585124a9d839ef -> 
  custom:SearchIndexIgnoredProperties: e643bd26f0fe6173181afceb89e7c659 -> 
  custom:scripting/monoscript/fileName/GIFRecorder.cs: c00ece885699fb9084deaccd3eb27518 -> 
  custom:AudioImporter_EditorPlatform: d09bf68614088b80899f8185d706f6e7 -> 
  custom:scripting/monoscript/fileName/EXRRecorder.cs: 3f576ce8ddd959d51a4d7ba1999ecdbb -> 
  custom:scripting/monoscript/fileName/WEBMRecorder.cs: 391b6b920cfbc02401ea522620320c93 -> 
  custom:scripting/monoscript/fileName/RenderTextureSampler.cs: 1a7b9abab9548e1054dc40d6e2fa0270 -> 
  custom:scripting/monoscript/fileName/GifEncoder.cs: 40f336d5c5042a8a04556b4c5804a538 -> 
  custom:scripting/monoscript/fileName/GenericRecorder.cs: 90647cc400823b41df847a6cbfc29026 -> 
  custom:scripting/monoscript/fileName/ImageInputSelector.cs: f55822da877594150873922341be92b6 -> 
  custom:scripting/monoscript/fileName/AnimationRecorderSettingsEditor.cs: db1294bf3d48be44b6e4b2f2cc100b02 -> 
  custom:scripting/monoscript/fileName/RecorderTrack.cs: fac9638ece7eb7daaa1302fa170613fd -> 
  custom:scripting/monoscript/fileName/InputSettingsSelector.cs: 499a4ec92267406782b5c4f3472d53b9 -> 
  custom:scripting/monoscript/fileName/FileNameGenerator.cs: 5c8b6eb5291c3311189e0dfadac99363 -> 
  custom:scripting/monoscript/fileName/RecorderItem.cs: b62d2fcb9547a248575727d8a1646db8 -> 
  custom:scripting/monoscript/fileName/TextureFlipper.cs: 825b503b2ddab9cbd8ebbf3038075092 -> 
  custom:scripting/monoscript/fileName/AccumulationSettings.cs: fb962f0c2333934b681b167574f5e1cd -> 
  custom:scripting/monoscript/fileName/Camera360InputPropertyDrawer.cs: af647a2fe91bec98139246321cac865d -> 
  custom:scripting/monoscript/fileName/RecorderClipEditor.cs: 947ad5ff1f968d7fc40767d187070964 -> 
  custom:scripting/monoscript/fileName/EXRRecorderSettingsEditor.cs: c520a04c5f01331f2c8800e289ef6d6f -> 
  custom:scripting/monoscript/fileName/CoreEncoder.cs: dfaed86e82ad12e6a2b6740a0fb35820 -> 
  custom:scripting/monoscript/fileName/PNGRecorderSettings.cs: 79a421225358808ff14dd88c0355d1b6 -> 
  custom:scripting/monoscript/fileName/AspectRatioPropertyDrawer.cs: 9f18568574138839573389bde3e660a7 -> 
  custom:scripting/monoscript/fileName/ProResEncoder.cs: b375bf2d41e3d89081c3f2d1a0823bf3 -> 
  custom:scripting/monoscript/fileName/CameraInput.cs: bf7e0df3caf9e500f6d1c98c99e165ba -> 
  custom:scripting/monoscript/fileName/RecorderSettings.cs: bc3ef26ac157af28e5460886c0d5ef2e -> 
  custom:scripting/monoscript/fileName/RecorderClipTimelineEditor.cs: 2995d9f50ebc9245c6e9bd75c56415fb -> 
  custom:scripting/monoscript/fileName/EncoderSettingsAttribute.cs: 8352396dc11cff58c65c429fdb4fc67e -> 
  custom:scripting/monoscript/fileName/MP4Recorder.cs: af531c4e1f6d23547da08837eb16b729 -> 
  custom:scripting/monoscript/fileName/EncoderTypeUtilities.cs: a12c4c78a6cd4fb6b93180d59ad77be8 -> 
  custom:scripting/monoscript/fileName/PooledBufferAsyncGPUReadback.cs: 2a4e50c5dda177306c9ec935763c4378 -> 
  custom:scripting/monoscript/fileName/AnimationRecorder.cs: f749a4250195b5467bbf05e3a976b59f -> 
  custom:scripting/precompiled-assembly-types:Unity.Recorder.Base: 3fec19fdf10e3518c41e41a932f2042f -> 
  custom:scripting/monoscript/fileName/AnimationRecorderSettings.cs: 5cfb1544a40f93fe0ea879bb1361c877 -> 
  custom:scripting/monoscript/fileName/RenderTextureSamplerSettings.cs: 68adab84706346f2ecbdfd649ca9cf61 -> 
  custom:scripting/monoscript/fileName/RecordingContext.cs: af9af1e8b283703482ba133924b5585a -> 
  custom:scripting/monoscript/fileName/RecorderSelector.cs: c3cd2caacd181d6eff54dc260c4a1ffb -> 
  custom:video-encoder-webm-vp8: eb34c28f22e8b96e1ab97ce403110664 -> 
  custom:scripting/monoscript/fileName/RecorderInput.cs: 88fd8d8fd71b34ed7298a01f6c2d2e40 -> 
  custom:scripting/monoscript/fileName/RenderTextureSamplerPropertyDrawer.cs: b541817d9cc9b1341d2ddfa8823b718d -> 
  custom:scripting/monoscript/fileName/RecorderSettingsAttribute.cs: ddd228b25da7ba2ac10d13e1efacc875 -> 
  custom:audio-decoder-ogg-vorbis: bf7c407c2cedff20999df2af8eb42d56 -> 
  custom:scripting/monoscript/fileName/OutputPathDrawer.cs: cffc34c1be094e6caeb13ff3b26ca679 -> 
  custom:scripting/monoscript/fileName/EditorVersionsHelper.cs: 3ad9098caeeff0295dba8c0911f5333a -> 
  custom:scripting/monoscript/fileName/SettingAsset.cs: 7c3790954696ae83d71055079b387931 -> 
  custom:scripting/monoscript/fileName/OutputResolution.cs: 31c632d97e9a69bcc2ef10f6feb5bf62 -> 
  custom:scripting/monoscript/fileName/AccumulationSettingsPropertyDrawer.cs: bfc920db0de3c29c2967e88aac1c1027 -> 
  custom:scripting/monoscript/fileName/AnimationInputSettingsPropertyDrawer.cs: ebe1771fecebe7a93badf6354f59c990 -> 
  custom:scripting/monoscript/fileName/CoreEncoderSettings.cs: 2b5db1db3c1fa7de4175a7e143de3ce5 -> 
  custom:scripting/monoscript/fileName/VisualListItem.cs: 90647cc400823b41df847a6cbfc29026 -> 
  custom:scripting/monoscript/fileName/FrameRateProperyDrawer.cs: c478c798f5354f66af45b380be0629f9 -> 
  custom:scripting/monoscript/fileName/InputSettingsSelectorDrawer.cs: bca46dd5b59e2f574c94bef4cdb878fb -> 
  custom:scripting/monoscript/fileName/RecorderWindow.cs: 553a30d64d5ef1dcad6b00b4eeeb3829 -> 
  custom:scripting/monoscript/fileName/AOVCameraInputSettings.cs: 4d2fdf1142ce53d73cb43d39944ba516 -> 
  custom:scripting/monoscript/fileName/EnumProperyDrawer.cs: 90647cc400823b41df847a6cbfc29026 -> 
  custom:scripting/monoscript/fileName/AOVImageInputSelector.cs: b741d8d3a7cbb503c5bdf23d7e6792db -> 
  custom:scripting/monoscript/fileName/CoreEncoderSettingsPropertyDrawer.cs: c8bdf3420d844fd4604c0d0cf3815355 -> 
  custom:scripting/monoscript/fileName/GifEncoderSettings.cs: 812ca6afdf48b830953d76adab9d4030 -> 
  custom:scripting/monoscript/fileName/GIFRecorderSettingsEditor.cs: 4d0f46bcf58d188895fabae5334995ae -> 
  custom:scripting/monoscript/fileName/IEncoder.cs: 007c2ef621b0d92b5a7a6bae91d26090 -> 
  custom:scripting/monoscript/fileName/RecorderOptions.cs: 74782d297e80d8f56c0e05a7cde4e51d -> 
  custom:scripting/precompiled-assembly-types:Unity.Recorder.Editor: cd22b836ef1ca10e7d8c91c9be46b4bf -> 
  custom:scripting/monoscript/fileName/ProResEncoderSettingsPropertyDrawer.cs: 68c25e6d4459336217d4b9e22eb707b4 -> 
  custom:scripting/monoscript/fileName/ImageRecorder.cs: b804c29bfc59a61db184c1d275fe4101 -> 
  custom:scripting/monoscript/fileName/EditableLabel.cs: 4f8fa2c6092744ed6607a411e3f617c0 -> 
  custom:scripting/monoscript/fileName/GameViewInput.cs: 596e7ffa2d11b2002176644af3247ea6 -> 
  custom:audio-encoder-webm-vorbis: bf7c407c2cedff20999df2af8eb42d56 -> 
  custom:scripting/monoscript/fileName/SerializedDictionnary.cs: 90647cc400823b41df847a6cbfc29026 -> 
  custom:scripting/monoscript/fileName/HammersleySequence.cs: b06601f044912976f668045b7d4c79a8 -> 
  custom:scripting/monoscript/fileName/_RecorderComponent.cs: 8c268d1df4e18643d83ea9c6eeba2d9f -> 
  custom:scripting/monoscript/fileName/IAccumulation.cs: 38dee62d444423165276e3254554d005 -> 
  custom:scripting/monoscript/fileName/RecorderController.cs: 5760bd2995080b8d0d9d9e88ab8933c6 -> 
  custom:scripting/monoscript/fileName/EXRRecorderSettings.cs: bf113df492cb5b25e11ec144a73c2f74 -> 
